[2023-01-04T12:17:41.057+0000] {taskinstance.py:1087} INFO - Dependencies all met for <TaskInstance: accidents_pipeline.discretizing manual__2023-01-04T12:16:53.467375+00:00 [queued]>
[2023-01-04T12:17:41.080+0000] {taskinstance.py:1087} INFO - Dependencies all met for <TaskInstance: accidents_pipeline.discretizing manual__2023-01-04T12:16:53.467375+00:00 [queued]>
[2023-01-04T12:17:41.082+0000] {taskinstance.py:1283} INFO - 
--------------------------------------------------------------------------------
[2023-01-04T12:17:41.084+0000] {taskinstance.py:1284} INFO - Starting attempt 1 of 2
[2023-01-04T12:17:41.085+0000] {taskinstance.py:1285} INFO - 
--------------------------------------------------------------------------------
[2023-01-04T12:17:41.115+0000] {taskinstance.py:1304} INFO - Executing <Task(PythonOperator): discretizing> on 2023-01-04 12:16:53.467375+00:00
[2023-01-04T12:17:41.165+0000] {standard_task_runner.py:55} INFO - Started process 2763 to run task
[2023-01-04T12:17:41.170+0000] {standard_task_runner.py:82} INFO - Running: ['***', 'tasks', 'run', 'accidents_pipeline', 'discretizing', 'manual__2023-01-04T12:16:53.467375+00:00', '--job-id', '22', '--raw', '--subdir', 'DAGS_FOLDER/Airflow.py', '--cfg-path', '/tmp/tmpikk8j1kh']
[2023-01-04T12:17:41.174+0000] {standard_task_runner.py:83} INFO - Job 22: Subtask discretizing
[2023-01-04T12:17:41.276+0000] {task_command.py:389} INFO - Running <TaskInstance: accidents_pipeline.discretizing manual__2023-01-04T12:16:53.467375+00:00 [running]> on host 0eb9bfbdd4ca
[2023-01-04T12:17:41.453+0000] {taskinstance.py:1513} INFO - Exporting the following env vars:
AIRFLOW_CTX_DAG_OWNER=***
AIRFLOW_CTX_DAG_ID=accidents_pipeline
AIRFLOW_CTX_TASK_ID=discretizing
AIRFLOW_CTX_EXECUTION_DATE=2023-01-04T12:16:53.467375+00:00
AIRFLOW_CTX_TRY_NUMBER=1
AIRFLOW_CTX_DAG_RUN_ID=manual__2023-01-04T12:16:53.467375+00:00
[2023-01-04T12:17:49.672+0000] {python.py:177} INFO - Done. Returned value was: None
[2023-01-04T12:17:49.684+0000] {taskinstance.py:1327} INFO - Marking task as SUCCESS. dag_id=accidents_pipeline, task_id=discretizing, execution_date=20230104T121653, start_date=20230104T121741, end_date=20230104T121749
[2023-01-04T12:17:49.748+0000] {local_task_job.py:159} INFO - Task exited with return code 0
[2023-01-04T12:17:49.790+0000] {taskinstance.py:2582} INFO - 1 downstream tasks scheduled from follow-on schedule check
