[2023-01-04T11:39:13.614+0000] {taskinstance.py:1087} INFO - Dependencies all met for <TaskInstance: accidents_pipeline.lookup_setup scheduled__2023-01-02T00:00:00+00:00 [queued]>
[2023-01-04T11:39:13.625+0000] {taskinstance.py:1087} INFO - Dependencies all met for <TaskInstance: accidents_pipeline.lookup_setup scheduled__2023-01-02T00:00:00+00:00 [queued]>
[2023-01-04T11:39:13.625+0000] {taskinstance.py:1283} INFO - 
--------------------------------------------------------------------------------
[2023-01-04T11:39:13.626+0000] {taskinstance.py:1284} INFO - Starting attempt 1 of 2
[2023-01-04T11:39:13.626+0000] {taskinstance.py:1285} INFO - 
--------------------------------------------------------------------------------
[2023-01-04T11:39:13.642+0000] {taskinstance.py:1304} INFO - Executing <Task(PythonOperator): lookup_setup> on 2023-01-02 00:00:00+00:00
[2023-01-04T11:39:13.647+0000] {standard_task_runner.py:55} INFO - Started process 737 to run task
[2023-01-04T11:39:13.651+0000] {standard_task_runner.py:82} INFO - Running: ['***', 'tasks', 'run', 'accidents_pipeline', 'lookup_setup', 'scheduled__2023-01-02T00:00:00+00:00', '--job-id', '6', '--raw', '--subdir', 'DAGS_FOLDER/Airflow.py', '--cfg-path', '/tmp/tmpxb0r8fim']
[2023-01-04T11:39:13.654+0000] {standard_task_runner.py:83} INFO - Job 6: Subtask lookup_setup
[2023-01-04T11:39:13.721+0000] {task_command.py:389} INFO - Running <TaskInstance: accidents_pipeline.lookup_setup scheduled__2023-01-02T00:00:00+00:00 [running]> on host 110f611c23f4
[2023-01-04T11:39:13.792+0000] {taskinstance.py:1513} INFO - Exporting the following env vars:
AIRFLOW_CTX_DAG_OWNER=***
AIRFLOW_CTX_DAG_ID=accidents_pipeline
AIRFLOW_CTX_TASK_ID=lookup_setup
AIRFLOW_CTX_EXECUTION_DATE=2023-01-02T00:00:00+00:00
AIRFLOW_CTX_TRY_NUMBER=1
AIRFLOW_CTX_DAG_RUN_ID=scheduled__2023-01-02T00:00:00+00:00
[2023-01-04T11:39:14.895+0000] {logging_mixin.py:137} WARNING - /home/***/.local/lib/python3.7/site-packages/***/operators/python.py:192 DtypeWarning: Columns (35) have mixed types.Specify dtype option on import or set low_memory=False.
[2023-01-04T11:39:17.140+0000] {python.py:177} INFO - Done. Returned value was: None
[2023-01-04T11:39:17.152+0000] {taskinstance.py:1327} INFO - Marking task as SUCCESS. dag_id=accidents_pipeline, task_id=lookup_setup, execution_date=20230102T000000, start_date=20230104T113913, end_date=20230104T113917
[2023-01-04T11:39:17.195+0000] {local_task_job.py:159} INFO - Task exited with return code 0
[2023-01-04T11:39:17.233+0000] {taskinstance.py:2582} INFO - 1 downstream tasks scheduled from follow-on schedule check
[2023-01-04T12:03:10.010+0000] {taskinstance.py:1087} INFO - Dependencies all met for <TaskInstance: accidents_pipeline.lookup_setup scheduled__2023-01-02T00:00:00+00:00 [queued]>
[2023-01-04T12:03:10.113+0000] {taskinstance.py:1087} INFO - Dependencies all met for <TaskInstance: accidents_pipeline.lookup_setup scheduled__2023-01-02T00:00:00+00:00 [queued]>
[2023-01-04T12:03:10.114+0000] {taskinstance.py:1283} INFO - 
--------------------------------------------------------------------------------
[2023-01-04T12:03:10.115+0000] {taskinstance.py:1284} INFO - Starting attempt 1 of 2
[2023-01-04T12:03:10.116+0000] {taskinstance.py:1285} INFO - 
--------------------------------------------------------------------------------
[2023-01-04T12:03:10.138+0000] {taskinstance.py:1304} INFO - Executing <Task(PythonOperator): lookup_setup> on 2023-01-02 00:00:00+00:00
[2023-01-04T12:03:10.148+0000] {standard_task_runner.py:55} INFO - Started process 1266 to run task
[2023-01-04T12:03:10.154+0000] {standard_task_runner.py:82} INFO - Running: ['***', 'tasks', 'run', 'accidents_pipeline', 'lookup_setup', 'scheduled__2023-01-02T00:00:00+00:00', '--job-id', '15', '--raw', '--subdir', 'DAGS_FOLDER/Airflow.py', '--cfg-path', '/tmp/tmp_ig8nrhn']
[2023-01-04T12:03:10.157+0000] {standard_task_runner.py:83} INFO - Job 15: Subtask lookup_setup
[2023-01-04T12:03:10.289+0000] {task_command.py:389} INFO - Running <TaskInstance: accidents_pipeline.lookup_setup scheduled__2023-01-02T00:00:00+00:00 [running]> on host 0eb9bfbdd4ca
[2023-01-04T12:03:10.429+0000] {taskinstance.py:1513} INFO - Exporting the following env vars:
AIRFLOW_CTX_DAG_OWNER=***
AIRFLOW_CTX_DAG_ID=accidents_pipeline
AIRFLOW_CTX_TASK_ID=lookup_setup
AIRFLOW_CTX_EXECUTION_DATE=2023-01-02T00:00:00+00:00
AIRFLOW_CTX_TRY_NUMBER=1
AIRFLOW_CTX_DAG_RUN_ID=scheduled__2023-01-02T00:00:00+00:00
[2023-01-04T12:03:12.061+0000] {logging_mixin.py:137} WARNING - /home/***/.local/lib/python3.7/site-packages/***/operators/python.py:192 DtypeWarning: Columns (35) have mixed types.Specify dtype option on import or set low_memory=False.
[2023-01-04T12:03:13.955+0000] {python.py:177} INFO - Done. Returned value was: None
[2023-01-04T12:03:14.050+0000] {taskinstance.py:1327} INFO - Marking task as SUCCESS. dag_id=accidents_pipeline, task_id=lookup_setup, execution_date=20230102T000000, start_date=20230104T120310, end_date=20230104T120314
[2023-01-04T12:03:14.101+0000] {local_task_job.py:159} INFO - Task exited with return code 0
[2023-01-04T12:03:14.137+0000] {taskinstance.py:2582} INFO - 1 downstream tasks scheduled from follow-on schedule check
[2023-01-04T12:28:23.173+0000] {taskinstance.py:1087} INFO - Dependencies all met for <TaskInstance: accidents_pipeline.lookup_setup scheduled__2023-01-02T00:00:00+00:00 [queued]>
[2023-01-04T12:28:23.279+0000] {taskinstance.py:1087} INFO - Dependencies all met for <TaskInstance: accidents_pipeline.lookup_setup scheduled__2023-01-02T00:00:00+00:00 [queued]>
[2023-01-04T12:28:23.280+0000] {taskinstance.py:1283} INFO - 
--------------------------------------------------------------------------------
[2023-01-04T12:28:23.280+0000] {taskinstance.py:1284} INFO - Starting attempt 1 of 2
[2023-01-04T12:28:23.281+0000] {taskinstance.py:1285} INFO - 
--------------------------------------------------------------------------------
[2023-01-04T12:28:23.299+0000] {taskinstance.py:1304} INFO - Executing <Task(PythonOperator): lookup_setup> on 2023-01-02 00:00:00+00:00
[2023-01-04T12:28:23.306+0000] {standard_task_runner.py:55} INFO - Started process 3913 to run task
[2023-01-04T12:28:23.310+0000] {standard_task_runner.py:82} INFO - Running: ['***', 'tasks', 'run', 'accidents_pipeline', 'lookup_setup', 'scheduled__2023-01-02T00:00:00+00:00', '--job-id', '33', '--raw', '--subdir', 'DAGS_FOLDER/Airflow.py', '--cfg-path', '/tmp/tmp1uqg6k5e']
[2023-01-04T12:28:23.313+0000] {standard_task_runner.py:83} INFO - Job 33: Subtask lookup_setup
[2023-01-04T12:28:23.392+0000] {task_command.py:389} INFO - Running <TaskInstance: accidents_pipeline.lookup_setup scheduled__2023-01-02T00:00:00+00:00 [running]> on host 0eb9bfbdd4ca
[2023-01-04T12:28:23.478+0000] {taskinstance.py:1513} INFO - Exporting the following env vars:
AIRFLOW_CTX_DAG_OWNER=***
AIRFLOW_CTX_DAG_ID=accidents_pipeline
AIRFLOW_CTX_TASK_ID=lookup_setup
AIRFLOW_CTX_EXECUTION_DATE=2023-01-02T00:00:00+00:00
AIRFLOW_CTX_TRY_NUMBER=1
AIRFLOW_CTX_DAG_RUN_ID=scheduled__2023-01-02T00:00:00+00:00
[2023-01-04T12:28:24.715+0000] {logging_mixin.py:137} WARNING - /home/***/.local/lib/python3.7/site-packages/***/operators/python.py:192 DtypeWarning: Columns (35) have mixed types.Specify dtype option on import or set low_memory=False.
[2023-01-04T12:28:26.635+0000] {python.py:177} INFO - Done. Returned value was: None
[2023-01-04T12:28:26.649+0000] {taskinstance.py:1327} INFO - Marking task as SUCCESS. dag_id=accidents_pipeline, task_id=lookup_setup, execution_date=20230102T000000, start_date=20230104T122823, end_date=20230104T122826
[2023-01-04T12:28:26.694+0000] {local_task_job.py:159} INFO - Task exited with return code 0
[2023-01-04T12:28:26.738+0000] {taskinstance.py:2582} INFO - 0 downstream tasks scheduled from follow-on schedule check
