[2023-01-02T15:41:51.963+0000] {taskinstance.py:1087} INFO - Dependencies all met for <TaskInstance: accidents_pipeline.discretizing scheduled__2022-12-31T00:00:00+00:00 [queued]>
[2023-01-02T15:41:51.975+0000] {taskinstance.py:1087} INFO - Dependencies all met for <TaskInstance: accidents_pipeline.discretizing scheduled__2022-12-31T00:00:00+00:00 [queued]>
[2023-01-02T15:41:51.975+0000] {taskinstance.py:1283} INFO - 
--------------------------------------------------------------------------------
[2023-01-02T15:41:51.976+0000] {taskinstance.py:1284} INFO - Starting attempt 1 of 2
[2023-01-02T15:41:51.977+0000] {taskinstance.py:1285} INFO - 
--------------------------------------------------------------------------------
[2023-01-02T15:41:51.998+0000] {taskinstance.py:1304} INFO - Executing <Task(PythonOperator): discretizing> on 2022-12-31 00:00:00+00:00
[2023-01-02T15:41:52.004+0000] {standard_task_runner.py:55} INFO - Started process 315 to run task
[2023-01-02T15:41:52.008+0000] {standard_task_runner.py:82} INFO - Running: ['***', 'tasks', 'run', 'accidents_pipeline', 'discretizing', 'scheduled__2022-12-31T00:00:00+00:00', '--job-id', '14', '--raw', '--subdir', 'DAGS_FOLDER/Airflow.py', '--cfg-path', '/tmp/tmp4cfcj7d2']
[2023-01-02T15:41:52.011+0000] {standard_task_runner.py:83} INFO - Job 14: Subtask discretizing
[2023-01-02T15:41:52.095+0000] {task_command.py:389} INFO - Running <TaskInstance: accidents_pipeline.discretizing scheduled__2022-12-31T00:00:00+00:00 [running]> on host 5aa4ea74be99
[2023-01-02T15:41:52.189+0000] {taskinstance.py:1513} INFO - Exporting the following env vars:
AIRFLOW_CTX_DAG_OWNER=***
AIRFLOW_CTX_DAG_ID=accidents_pipeline
AIRFLOW_CTX_TASK_ID=discretizing
AIRFLOW_CTX_EXECUTION_DATE=2022-12-31T00:00:00+00:00
AIRFLOW_CTX_TRY_NUMBER=1
AIRFLOW_CTX_DAG_RUN_ID=scheduled__2022-12-31T00:00:00+00:00
[2023-01-02T15:42:02.155+0000] {python.py:177} INFO - Done. Returned value was: None
[2023-01-02T15:42:02.169+0000] {taskinstance.py:1327} INFO - Marking task as SUCCESS. dag_id=accidents_pipeline, task_id=discretizing, execution_date=20221231T000000, start_date=20230102T154151, end_date=20230102T154202
[2023-01-02T15:42:02.231+0000] {local_task_job.py:159} INFO - Task exited with return code 0
[2023-01-02T15:42:02.277+0000] {taskinstance.py:2582} INFO - 1 downstream tasks scheduled from follow-on schedule check
