[2023-01-04T12:18:16.814+0000] {taskinstance.py:1087} INFO - Dependencies all met for <TaskInstance: accidents_pipeline.MS2_final manual__2023-01-04T12:16:53.467375+00:00 [queued]>
[2023-01-04T12:18:16.831+0000] {taskinstance.py:1087} INFO - Dependencies all met for <TaskInstance: accidents_pipeline.MS2_final manual__2023-01-04T12:16:53.467375+00:00 [queued]>
[2023-01-04T12:18:16.832+0000] {taskinstance.py:1283} INFO - 
--------------------------------------------------------------------------------
[2023-01-04T12:18:16.833+0000] {taskinstance.py:1284} INFO - Starting attempt 1 of 2
[2023-01-04T12:18:16.834+0000] {taskinstance.py:1285} INFO - 
--------------------------------------------------------------------------------
[2023-01-04T12:18:16.860+0000] {taskinstance.py:1304} INFO - Executing <Task(PythonOperator): MS2_final> on 2023-01-04 12:16:53.467375+00:00
[2023-01-04T12:18:16.870+0000] {standard_task_runner.py:55} INFO - Started process 2841 to run task
[2023-01-04T12:18:16.875+0000] {standard_task_runner.py:82} INFO - Running: ['***', 'tasks', 'run', 'accidents_pipeline', 'MS2_final', 'manual__2023-01-04T12:16:53.467375+00:00', '--job-id', '26', '--raw', '--subdir', 'DAGS_FOLDER/Airflow.py', '--cfg-path', '/tmp/tmp9d4vcmo6']
[2023-01-04T12:18:16.879+0000] {standard_task_runner.py:83} INFO - Job 26: Subtask MS2_final
[2023-01-04T12:18:17.004+0000] {task_command.py:389} INFO - Running <TaskInstance: accidents_pipeline.MS2_final manual__2023-01-04T12:16:53.467375+00:00 [running]> on host 0eb9bfbdd4ca
[2023-01-04T12:18:17.147+0000] {taskinstance.py:1513} INFO - Exporting the following env vars:
AIRFLOW_CTX_DAG_OWNER=***
AIRFLOW_CTX_DAG_ID=accidents_pipeline
AIRFLOW_CTX_TASK_ID=MS2_final
AIRFLOW_CTX_EXECUTION_DATE=2023-01-04T12:16:53.467375+00:00
AIRFLOW_CTX_TRY_NUMBER=1
AIRFLOW_CTX_DAG_RUN_ID=manual__2023-01-04T12:16:53.467375+00:00
[2023-01-04T12:18:18.251+0000] {logging_mixin.py:137} WARNING - /opt/***/dags/Airflow.py:480 FutureWarning: Indexing with multiple keys (implicitly converted to a tuple of keys) will be deprecated, use a list instead.
[2023-01-04T12:18:20.973+0000] {python.py:177} INFO - Done. Returned value was: None
[2023-01-04T12:18:20.987+0000] {taskinstance.py:1327} INFO - Marking task as SUCCESS. dag_id=accidents_pipeline, task_id=MS2_final, execution_date=20230104T121653, start_date=20230104T121816, end_date=20230104T121820
[2023-01-04T12:18:21.062+0000] {local_task_job.py:159} INFO - Task exited with return code 0
[2023-01-04T12:18:21.107+0000] {taskinstance.py:2582} INFO - 1 downstream tasks scheduled from follow-on schedule check
