[2023-01-03T19:43:47.946+0000] {taskinstance.py:1087} INFO - Dependencies all met for <TaskInstance: accidents_pipeline.lookup_setup manual__2023-01-03T19:42:35.113870+00:00 [queued]>
[2023-01-03T19:43:47.961+0000] {taskinstance.py:1087} INFO - Dependencies all met for <TaskInstance: accidents_pipeline.lookup_setup manual__2023-01-03T19:42:35.113870+00:00 [queued]>
[2023-01-03T19:43:47.961+0000] {taskinstance.py:1283} INFO - 
--------------------------------------------------------------------------------
[2023-01-03T19:43:47.962+0000] {taskinstance.py:1284} INFO - Starting attempt 1 of 2
[2023-01-03T19:43:47.963+0000] {taskinstance.py:1285} INFO - 
--------------------------------------------------------------------------------
[2023-01-03T19:43:47.983+0000] {taskinstance.py:1304} INFO - Executing <Task(PythonOperator): lookup_setup> on 2023-01-03 19:42:35.113870+00:00
[2023-01-03T19:43:47.989+0000] {standard_task_runner.py:55} INFO - Started process 5020 to run task
[2023-01-03T19:43:47.993+0000] {standard_task_runner.py:82} INFO - Running: ['***', 'tasks', 'run', 'accidents_pipeline', 'lookup_setup', 'manual__2023-01-03T19:42:35.113870+00:00', '--job-id', '69', '--raw', '--subdir', 'DAGS_FOLDER/Airflow.py', '--cfg-path', '/tmp/tmpr931iihr']
[2023-01-03T19:43:47.996+0000] {standard_task_runner.py:83} INFO - Job 69: Subtask lookup_setup
[2023-01-03T19:43:48.075+0000] {task_command.py:389} INFO - Running <TaskInstance: accidents_pipeline.lookup_setup manual__2023-01-03T19:42:35.113870+00:00 [running]> on host 321b86f85270
[2023-01-03T19:43:48.182+0000] {taskinstance.py:1513} INFO - Exporting the following env vars:
AIRFLOW_CTX_DAG_OWNER=***
AIRFLOW_CTX_DAG_ID=accidents_pipeline
AIRFLOW_CTX_TASK_ID=lookup_setup
AIRFLOW_CTX_EXECUTION_DATE=2023-01-03T19:42:35.113870+00:00
AIRFLOW_CTX_TRY_NUMBER=1
AIRFLOW_CTX_DAG_RUN_ID=manual__2023-01-03T19:42:35.113870+00:00
[2023-01-03T19:43:50.104+0000] {logging_mixin.py:137} WARNING - /home/***/.local/lib/python3.7/site-packages/***/operators/python.py:192 DtypeWarning: Columns (35) have mixed types.Specify dtype option on import or set low_memory=False.
[2023-01-03T19:43:52.320+0000] {python.py:177} INFO - Done. Returned value was: None
[2023-01-03T19:43:52.332+0000] {taskinstance.py:1327} INFO - Marking task as SUCCESS. dag_id=accidents_pipeline, task_id=lookup_setup, execution_date=20230103T194235, start_date=20230103T194347, end_date=20230103T194352
[2023-01-03T19:43:52.385+0000] {local_task_job.py:159} INFO - Task exited with return code 0
[2023-01-03T19:43:52.424+0000] {taskinstance.py:2582} INFO - 1 downstream tasks scheduled from follow-on schedule check
