[2023-01-04T13:41:59.825+0000] {taskinstance.py:1087} INFO - Dependencies all met for <TaskInstance: accidents_pipeline.MS1_Data_Cleaning_and_Transformation scheduled__2023-01-02T00:00:00+00:00 [queued]>
[2023-01-04T13:41:59.835+0000] {taskinstance.py:1087} INFO - Dependencies all met for <TaskInstance: accidents_pipeline.MS1_Data_Cleaning_and_Transformation scheduled__2023-01-02T00:00:00+00:00 [queued]>
[2023-01-04T13:41:59.835+0000] {taskinstance.py:1283} INFO - 
--------------------------------------------------------------------------------
[2023-01-04T13:41:59.836+0000] {taskinstance.py:1284} INFO - Starting attempt 2 of 3
[2023-01-04T13:41:59.837+0000] {taskinstance.py:1285} INFO - 
--------------------------------------------------------------------------------
[2023-01-04T13:41:59.851+0000] {taskinstance.py:1304} INFO - Executing <Task(PythonOperator): MS1_Data_Cleaning_and_Transformation> on 2023-01-02 00:00:00+00:00
[2023-01-04T13:41:59.857+0000] {standard_task_runner.py:55} INFO - Started process 549 to run task
[2023-01-04T13:41:59.860+0000] {standard_task_runner.py:82} INFO - Running: ['***', 'tasks', 'run', 'accidents_pipeline', 'MS1_Data_Cleaning_and_Transformation', 'scheduled__2023-01-02T00:00:00+00:00', '--job-id', '41', '--raw', '--subdir', 'DAGS_FOLDER/Airflow.py', '--cfg-path', '/tmp/tmpiq5_a80u']
[2023-01-04T13:41:59.862+0000] {standard_task_runner.py:83} INFO - Job 41: Subtask MS1_Data_Cleaning_and_Transformation
[2023-01-04T13:41:59.923+0000] {task_command.py:389} INFO - Running <TaskInstance: accidents_pipeline.MS1_Data_Cleaning_and_Transformation scheduled__2023-01-02T00:00:00+00:00 [running]> on host 980a01aa00ba
[2023-01-04T13:42:00.040+0000] {taskinstance.py:1513} INFO - Exporting the following env vars:
AIRFLOW_CTX_DAG_OWNER=***
AIRFLOW_CTX_DAG_ID=accidents_pipeline
AIRFLOW_CTX_TASK_ID=MS1_Data_Cleaning_and_Transformation
AIRFLOW_CTX_EXECUTION_DATE=2023-01-02T00:00:00+00:00
AIRFLOW_CTX_TRY_NUMBER=2
AIRFLOW_CTX_DAG_RUN_ID=scheduled__2023-01-02T00:00:00+00:00
[2023-01-04T13:42:01.192+0000] {logging_mixin.py:137} WARNING - /home/***/.local/lib/python3.7/site-packages/***/operators/python.py:192 DtypeWarning: Columns (35) have mixed types.Specify dtype option on import or set low_memory=False.
[2023-01-04T13:42:24.284+0000] {logging_mixin.py:137} INFO - Method: Z-score
[2023-01-04T13:42:24.286+0000] {logging_mixin.py:137} INFO - Count Of Outliers:  3298 from 151474
[2023-01-04T13:42:24.287+0000] {logging_mixin.py:137} INFO - Outliers Unique Values [ 4  5  6  7  8  9 10 11 12 29 34]
[2023-01-04T13:42:24.287+0000] {logging_mixin.py:137} INFO - Percentage Of Outliers:  2.177 %
[2023-01-04T13:42:24.293+0000] {logging_mixin.py:137} INFO - Method: IQR
[2023-01-04T13:42:24.296+0000] {logging_mixin.py:137} INFO - Count Of Outliers:  34597 from 151474
[2023-01-04T13:42:24.296+0000] {logging_mixin.py:137} INFO - Outliers Unique Values [ 2  3  4  5  6  7  8  9 10 11 12 13 14 15 16 18 21 22 25 26 51 63 87]
[2023-01-04T13:42:24.297+0000] {logging_mixin.py:137} INFO - Percentage Of Outliers:  22.84 %
[2023-01-04T13:42:27.700+0000] {logging_mixin.py:137} INFO -                 accident_year         police_force  ...   latitude  week_number
accident_index                                      ...                        
201101BS70001            2011  Metropolitan Police  ...  51.495766            2
201101BS70002            2011  Metropolitan Police  ...  51.495710            2
201101BS70003            2011  Metropolitan Police  ...  51.489763            3
201101BS70005            2011  Metropolitan Police  ...  51.497875            4
201101BS70007            2011  Metropolitan Police  ...  51.482671            1

[5 rows x 32 columns]
[2023-01-04T13:42:27.782+0000] {logging_mixin.py:137} INFO -                 accident_year         police_force  ...   latitude  week_number
accident_index                                      ...                        
201101BS70001            2011  Metropolitan Police  ...  51.495766            2
201101BS70002            2011  Metropolitan Police  ...  51.495710            2
201101BS70003            2011  Metropolitan Police  ...  51.489763            3
201101BS70005            2011  Metropolitan Police  ...  51.497875            4
201101BS70007            2011  Metropolitan Police  ...  51.482671            1

[5 rows x 32 columns]
[2023-01-04T13:42:28.821+0000] {logging_mixin.py:137} INFO -                 accident_year  ...  road_surface_conditions_Wet or damp
accident_index                 ...                                     
201101BS70001            2011  ...                                    1
201101BS70002            2011  ...                                    1
201101BS70003            2011  ...                                    0
201101BS70005            2011  ...                                    0
201101BS70007            2011  ...                                    1

[5 rows x 46 columns]
[2023-01-04T13:42:31.378+0000] {python.py:177} INFO - Done. Returned value was: None
[2023-01-04T13:42:31.393+0000] {taskinstance.py:1327} INFO - Marking task as SUCCESS. dag_id=accidents_pipeline, task_id=MS1_Data_Cleaning_and_Transformation, execution_date=20230102T000000, start_date=20230104T134159, end_date=20230104T134231
[2023-01-04T13:42:31.456+0000] {local_task_job.py:159} INFO - Task exited with return code 0
[2023-01-04T13:42:31.496+0000] {taskinstance.py:2582} INFO - 1 downstream tasks scheduled from follow-on schedule check
