[2023-01-04T12:18:23.587+0000] {taskinstance.py:1087} INFO - Dependencies all met for <TaskInstance: accidents_pipeline.load_to_postgres manual__2023-01-04T12:16:53.467375+00:00 [queued]>
[2023-01-04T12:18:23.599+0000] {taskinstance.py:1087} INFO - Dependencies all met for <TaskInstance: accidents_pipeline.load_to_postgres manual__2023-01-04T12:16:53.467375+00:00 [queued]>
[2023-01-04T12:18:23.600+0000] {taskinstance.py:1283} INFO - 
--------------------------------------------------------------------------------
[2023-01-04T12:18:23.600+0000] {taskinstance.py:1284} INFO - Starting attempt 1 of 2
[2023-01-04T12:18:23.601+0000] {taskinstance.py:1285} INFO - 
--------------------------------------------------------------------------------
[2023-01-04T12:18:23.618+0000] {taskinstance.py:1304} INFO - Executing <Task(PythonOperator): load_to_postgres> on 2023-01-04 12:16:53.467375+00:00
[2023-01-04T12:18:23.625+0000] {standard_task_runner.py:55} INFO - Started process 2844 to run task
[2023-01-04T12:18:23.629+0000] {standard_task_runner.py:82} INFO - Running: ['***', 'tasks', 'run', 'accidents_pipeline', 'load_to_postgres', 'manual__2023-01-04T12:16:53.467375+00:00', '--job-id', '27', '--raw', '--subdir', 'DAGS_FOLDER/Airflow.py', '--cfg-path', '/tmp/tmpna2zcg7d']
[2023-01-04T12:18:23.632+0000] {standard_task_runner.py:83} INFO - Job 27: Subtask load_to_postgres
[2023-01-04T12:18:23.707+0000] {task_command.py:389} INFO - Running <TaskInstance: accidents_pipeline.load_to_postgres manual__2023-01-04T12:16:53.467375+00:00 [running]> on host 0eb9bfbdd4ca
[2023-01-04T12:18:23.784+0000] {taskinstance.py:1513} INFO - Exporting the following env vars:
AIRFLOW_CTX_DAG_OWNER=***
AIRFLOW_CTX_DAG_ID=accidents_pipeline
AIRFLOW_CTX_TASK_ID=load_to_postgres
AIRFLOW_CTX_EXECUTION_DATE=2023-01-04T12:16:53.467375+00:00
AIRFLOW_CTX_TRY_NUMBER=1
AIRFLOW_CTX_DAG_RUN_ID=manual__2023-01-04T12:16:53.467375+00:00
[2023-01-04T12:18:24.505+0000] {logging_mixin.py:137} INFO - connected succesfully
[2023-01-04T12:19:11.136+0000] {python.py:177} INFO - Done. Returned value was: None
[2023-01-04T12:19:11.151+0000] {taskinstance.py:1327} INFO - Marking task as SUCCESS. dag_id=accidents_pipeline, task_id=load_to_postgres, execution_date=20230104T121653, start_date=20230104T121823, end_date=20230104T121911
[2023-01-04T12:19:11.246+0000] {local_task_job.py:159} INFO - Task exited with return code 0
[2023-01-04T12:19:11.283+0000] {taskinstance.py:2582} INFO - 0 downstream tasks scheduled from follow-on schedule check
