[2023-01-04T11:39:07.574+0000] {taskinstance.py:1087} INFO - Dependencies all met for <TaskInstance: accidents_pipeline.add2cols scheduled__2023-01-02T00:00:00+00:00 [queued]>
[2023-01-04T11:39:07.584+0000] {taskinstance.py:1087} INFO - Dependencies all met for <TaskInstance: accidents_pipeline.add2cols scheduled__2023-01-02T00:00:00+00:00 [queued]>
[2023-01-04T11:39:07.585+0000] {taskinstance.py:1283} INFO - 
--------------------------------------------------------------------------------
[2023-01-04T11:39:07.585+0000] {taskinstance.py:1284} INFO - Starting attempt 1 of 2
[2023-01-04T11:39:07.586+0000] {taskinstance.py:1285} INFO - 
--------------------------------------------------------------------------------
[2023-01-04T11:39:07.601+0000] {taskinstance.py:1304} INFO - Executing <Task(PythonOperator): add2cols> on 2023-01-02 00:00:00+00:00
[2023-01-04T11:39:07.606+0000] {standard_task_runner.py:55} INFO - Started process 734 to run task
[2023-01-04T11:39:07.610+0000] {standard_task_runner.py:82} INFO - Running: ['***', 'tasks', 'run', 'accidents_pipeline', 'add2cols', 'scheduled__2023-01-02T00:00:00+00:00', '--job-id', '5', '--raw', '--subdir', 'DAGS_FOLDER/Airflow.py', '--cfg-path', '/tmp/tmps_nq6seo']
[2023-01-04T11:39:07.612+0000] {standard_task_runner.py:83} INFO - Job 5: Subtask add2cols
[2023-01-04T11:39:07.674+0000] {task_command.py:389} INFO - Running <TaskInstance: accidents_pipeline.add2cols scheduled__2023-01-02T00:00:00+00:00 [running]> on host 110f611c23f4
[2023-01-04T11:39:07.742+0000] {taskinstance.py:1513} INFO - Exporting the following env vars:
AIRFLOW_CTX_DAG_OWNER=***
AIRFLOW_CTX_DAG_ID=accidents_pipeline
AIRFLOW_CTX_TASK_ID=add2cols
AIRFLOW_CTX_EXECUTION_DATE=2023-01-02T00:00:00+00:00
AIRFLOW_CTX_TRY_NUMBER=1
AIRFLOW_CTX_DAG_RUN_ID=scheduled__2023-01-02T00:00:00+00:00
[2023-01-04T11:39:11.162+0000] {python.py:177} INFO - Done. Returned value was: None
[2023-01-04T11:39:11.177+0000] {taskinstance.py:1327} INFO - Marking task as SUCCESS. dag_id=accidents_pipeline, task_id=add2cols, execution_date=20230102T000000, start_date=20230104T113907, end_date=20230104T113911
[2023-01-04T11:39:11.234+0000] {local_task_job.py:159} INFO - Task exited with return code 0
[2023-01-04T11:39:11.275+0000] {taskinstance.py:2582} INFO - 1 downstream tasks scheduled from follow-on schedule check
[2023-01-04T12:03:01.687+0000] {taskinstance.py:1087} INFO - Dependencies all met for <TaskInstance: accidents_pipeline.add2cols scheduled__2023-01-02T00:00:00+00:00 [queued]>
[2023-01-04T12:03:01.796+0000] {taskinstance.py:1087} INFO - Dependencies all met for <TaskInstance: accidents_pipeline.add2cols scheduled__2023-01-02T00:00:00+00:00 [queued]>
[2023-01-04T12:03:01.797+0000] {taskinstance.py:1283} INFO - 
--------------------------------------------------------------------------------
[2023-01-04T12:03:01.798+0000] {taskinstance.py:1284} INFO - Starting attempt 1 of 2
[2023-01-04T12:03:01.799+0000] {taskinstance.py:1285} INFO - 
--------------------------------------------------------------------------------
[2023-01-04T12:03:01.820+0000] {taskinstance.py:1304} INFO - Executing <Task(PythonOperator): add2cols> on 2023-01-02 00:00:00+00:00
[2023-01-04T12:03:01.827+0000] {standard_task_runner.py:55} INFO - Started process 1243 to run task
[2023-01-04T12:03:01.832+0000] {standard_task_runner.py:82} INFO - Running: ['***', 'tasks', 'run', 'accidents_pipeline', 'add2cols', 'scheduled__2023-01-02T00:00:00+00:00', '--job-id', '14', '--raw', '--subdir', 'DAGS_FOLDER/Airflow.py', '--cfg-path', '/tmp/tmp4rycl91c']
[2023-01-04T12:03:01.836+0000] {standard_task_runner.py:83} INFO - Job 14: Subtask add2cols
[2023-01-04T12:03:01.936+0000] {task_command.py:389} INFO - Running <TaskInstance: accidents_pipeline.add2cols scheduled__2023-01-02T00:00:00+00:00 [running]> on host 0eb9bfbdd4ca
[2023-01-04T12:03:02.041+0000] {taskinstance.py:1513} INFO - Exporting the following env vars:
AIRFLOW_CTX_DAG_OWNER=***
AIRFLOW_CTX_DAG_ID=accidents_pipeline
AIRFLOW_CTX_TASK_ID=add2cols
AIRFLOW_CTX_EXECUTION_DATE=2023-01-02T00:00:00+00:00
AIRFLOW_CTX_TRY_NUMBER=1
AIRFLOW_CTX_DAG_RUN_ID=scheduled__2023-01-02T00:00:00+00:00
[2023-01-04T12:03:06.636+0000] {python.py:177} INFO - Done. Returned value was: None
[2023-01-04T12:03:06.666+0000] {taskinstance.py:1327} INFO - Marking task as SUCCESS. dag_id=accidents_pipeline, task_id=add2cols, execution_date=20230102T000000, start_date=20230104T120301, end_date=20230104T120306
[2023-01-04T12:03:06.744+0000] {local_task_job.py:159} INFO - Task exited with return code 0
[2023-01-04T12:03:06.825+0000] {taskinstance.py:2582} INFO - 0 downstream tasks scheduled from follow-on schedule check
[2023-01-04T12:28:15.788+0000] {taskinstance.py:1087} INFO - Dependencies all met for <TaskInstance: accidents_pipeline.add2cols scheduled__2023-01-02T00:00:00+00:00 [queued]>
[2023-01-04T12:28:15.877+0000] {taskinstance.py:1087} INFO - Dependencies all met for <TaskInstance: accidents_pipeline.add2cols scheduled__2023-01-02T00:00:00+00:00 [queued]>
[2023-01-04T12:28:15.878+0000] {taskinstance.py:1283} INFO - 
--------------------------------------------------------------------------------
[2023-01-04T12:28:15.878+0000] {taskinstance.py:1284} INFO - Starting attempt 1 of 2
[2023-01-04T12:28:15.879+0000] {taskinstance.py:1285} INFO - 
--------------------------------------------------------------------------------
[2023-01-04T12:28:15.897+0000] {taskinstance.py:1304} INFO - Executing <Task(PythonOperator): add2cols> on 2023-01-02 00:00:00+00:00
[2023-01-04T12:28:15.904+0000] {standard_task_runner.py:55} INFO - Started process 3893 to run task
[2023-01-04T12:28:15.908+0000] {standard_task_runner.py:82} INFO - Running: ['***', 'tasks', 'run', 'accidents_pipeline', 'add2cols', 'scheduled__2023-01-02T00:00:00+00:00', '--job-id', '32', '--raw', '--subdir', 'DAGS_FOLDER/Airflow.py', '--cfg-path', '/tmp/tmpaa72ycjg']
[2023-01-04T12:28:15.910+0000] {standard_task_runner.py:83} INFO - Job 32: Subtask add2cols
[2023-01-04T12:28:15.995+0000] {task_command.py:389} INFO - Running <TaskInstance: accidents_pipeline.add2cols scheduled__2023-01-02T00:00:00+00:00 [running]> on host 0eb9bfbdd4ca
[2023-01-04T12:28:16.092+0000] {taskinstance.py:1513} INFO - Exporting the following env vars:
AIRFLOW_CTX_DAG_OWNER=***
AIRFLOW_CTX_DAG_ID=accidents_pipeline
AIRFLOW_CTX_TASK_ID=add2cols
AIRFLOW_CTX_EXECUTION_DATE=2023-01-02T00:00:00+00:00
AIRFLOW_CTX_TRY_NUMBER=1
AIRFLOW_CTX_DAG_RUN_ID=scheduled__2023-01-02T00:00:00+00:00
[2023-01-04T12:28:20.190+0000] {python.py:177} INFO - Done. Returned value was: None
[2023-01-04T12:28:20.202+0000] {taskinstance.py:1327} INFO - Marking task as SUCCESS. dag_id=accidents_pipeline, task_id=add2cols, execution_date=20230102T000000, start_date=20230104T122815, end_date=20230104T122820
[2023-01-04T12:28:20.255+0000] {local_task_job.py:159} INFO - Task exited with return code 0
[2023-01-04T12:28:20.292+0000] {taskinstance.py:2582} INFO - 1 downstream tasks scheduled from follow-on schedule check
