[2023-01-03T19:06:36.978+0000] {taskinstance.py:1087} INFO - Dependencies all met for <TaskInstance: accidents_pipeline.discretizing manual__2023-01-03T19:05:54.497116+00:00 [queued]>
[2023-01-03T19:06:36.990+0000] {taskinstance.py:1087} INFO - Dependencies all met for <TaskInstance: accidents_pipeline.discretizing manual__2023-01-03T19:05:54.497116+00:00 [queued]>
[2023-01-03T19:06:36.991+0000] {taskinstance.py:1283} INFO - 
--------------------------------------------------------------------------------
[2023-01-03T19:06:36.992+0000] {taskinstance.py:1284} INFO - Starting attempt 1 of 2
[2023-01-03T19:06:36.993+0000] {taskinstance.py:1285} INFO - 
--------------------------------------------------------------------------------
[2023-01-03T19:06:37.016+0000] {taskinstance.py:1304} INFO - Executing <Task(PythonOperator): discretizing> on 2023-01-03 19:05:54.497116+00:00
[2023-01-03T19:06:37.022+0000] {standard_task_runner.py:55} INFO - Started process 1623 to run task
[2023-01-03T19:06:37.026+0000] {standard_task_runner.py:82} INFO - Running: ['***', 'tasks', 'run', 'accidents_pipeline', 'discretizing', 'manual__2023-01-03T19:05:54.497116+00:00', '--job-id', '47', '--raw', '--subdir', 'DAGS_FOLDER/Airflow.py', '--cfg-path', '/tmp/tmp1miv0k12']
[2023-01-03T19:06:37.030+0000] {standard_task_runner.py:83} INFO - Job 47: Subtask discretizing
[2023-01-03T19:06:37.111+0000] {task_command.py:389} INFO - Running <TaskInstance: accidents_pipeline.discretizing manual__2023-01-03T19:05:54.497116+00:00 [running]> on host 321b86f85270
[2023-01-03T19:06:37.208+0000] {taskinstance.py:1513} INFO - Exporting the following env vars:
AIRFLOW_CTX_DAG_OWNER=***
AIRFLOW_CTX_DAG_ID=accidents_pipeline
AIRFLOW_CTX_TASK_ID=discretizing
AIRFLOW_CTX_EXECUTION_DATE=2023-01-03T19:05:54.497116+00:00
AIRFLOW_CTX_TRY_NUMBER=1
AIRFLOW_CTX_DAG_RUN_ID=manual__2023-01-03T19:05:54.497116+00:00
[2023-01-03T19:06:47.161+0000] {python.py:177} INFO - Done. Returned value was: None
[2023-01-03T19:06:47.175+0000] {taskinstance.py:1327} INFO - Marking task as SUCCESS. dag_id=accidents_pipeline, task_id=discretizing, execution_date=20230103T190554, start_date=20230103T190636, end_date=20230103T190647
[2023-01-03T19:06:47.206+0000] {local_task_job.py:159} INFO - Task exited with return code 0
[2023-01-03T19:06:47.251+0000] {taskinstance.py:2582} INFO - 1 downstream tasks scheduled from follow-on schedule check
