[2023-01-03T19:24:11.446+0000] {taskinstance.py:1087} INFO - Dependencies all met for <TaskInstance: accidents_pipeline.discretizing manual__2023-01-03T19:23:28.478398+00:00 [queued]>
[2023-01-03T19:24:11.460+0000] {taskinstance.py:1087} INFO - Dependencies all met for <TaskInstance: accidents_pipeline.discretizing manual__2023-01-03T19:23:28.478398+00:00 [queued]>
[2023-01-03T19:24:11.460+0000] {taskinstance.py:1283} INFO - 
--------------------------------------------------------------------------------
[2023-01-03T19:24:11.461+0000] {taskinstance.py:1284} INFO - Starting attempt 1 of 2
[2023-01-03T19:24:11.461+0000] {taskinstance.py:1285} INFO - 
--------------------------------------------------------------------------------
[2023-01-03T19:24:11.483+0000] {taskinstance.py:1304} INFO - Executing <Task(PythonOperator): discretizing> on 2023-01-03 19:23:28.478398+00:00
[2023-01-03T19:24:11.489+0000] {standard_task_runner.py:55} INFO - Started process 3228 to run task
[2023-01-03T19:24:11.493+0000] {standard_task_runner.py:82} INFO - Running: ['***', 'tasks', 'run', 'accidents_pipeline', 'discretizing', 'manual__2023-01-03T19:23:28.478398+00:00', '--job-id', '58', '--raw', '--subdir', 'DAGS_FOLDER/Airflow.py', '--cfg-path', '/tmp/tmp5r10q62y']
[2023-01-03T19:24:11.496+0000] {standard_task_runner.py:83} INFO - Job 58: Subtask discretizing
[2023-01-03T19:24:11.586+0000] {task_command.py:389} INFO - Running <TaskInstance: accidents_pipeline.discretizing manual__2023-01-03T19:23:28.478398+00:00 [running]> on host 321b86f85270
[2023-01-03T19:24:11.700+0000] {taskinstance.py:1513} INFO - Exporting the following env vars:
AIRFLOW_CTX_DAG_OWNER=***
AIRFLOW_CTX_DAG_ID=accidents_pipeline
AIRFLOW_CTX_TASK_ID=discretizing
AIRFLOW_CTX_EXECUTION_DATE=2023-01-03T19:23:28.478398+00:00
AIRFLOW_CTX_TRY_NUMBER=1
AIRFLOW_CTX_DAG_RUN_ID=manual__2023-01-03T19:23:28.478398+00:00
[2023-01-03T19:24:21.804+0000] {python.py:177} INFO - Done. Returned value was: None
[2023-01-03T19:24:21.816+0000] {taskinstance.py:1327} INFO - Marking task as SUCCESS. dag_id=accidents_pipeline, task_id=discretizing, execution_date=20230103T192328, start_date=20230103T192411, end_date=20230103T192421
[2023-01-03T19:24:21.843+0000] {local_task_job.py:159} INFO - Task exited with return code 0
[2023-01-03T19:24:21.881+0000] {taskinstance.py:2582} INFO - 1 downstream tasks scheduled from follow-on schedule check
