[2023-01-02T15:42:22.243+0000] {taskinstance.py:1087} INFO - Dependencies all met for <TaskInstance: accidents_pipeline.lookup_setup scheduled__2022-12-31T00:00:00+00:00 [queued]>
[2023-01-02T15:42:22.255+0000] {taskinstance.py:1087} INFO - Dependencies all met for <TaskInstance: accidents_pipeline.lookup_setup scheduled__2022-12-31T00:00:00+00:00 [queued]>
[2023-01-02T15:42:22.256+0000] {taskinstance.py:1283} INFO - 
--------------------------------------------------------------------------------
[2023-01-02T15:42:22.257+0000] {taskinstance.py:1284} INFO - Starting attempt 1 of 2
[2023-01-02T15:42:22.258+0000] {taskinstance.py:1285} INFO - 
--------------------------------------------------------------------------------
[2023-01-02T15:42:22.279+0000] {taskinstance.py:1304} INFO - Executing <Task(PythonOperator): lookup_setup> on 2022-12-31 00:00:00+00:00
[2023-01-02T15:42:22.284+0000] {standard_task_runner.py:55} INFO - Started process 370 to run task
[2023-01-02T15:42:22.288+0000] {standard_task_runner.py:82} INFO - Running: ['***', 'tasks', 'run', 'accidents_pipeline', 'lookup_setup', 'scheduled__2022-12-31T00:00:00+00:00', '--job-id', '17', '--raw', '--subdir', 'DAGS_FOLDER/Airflow.py', '--cfg-path', '/tmp/tmpva9_9yhw']
[2023-01-02T15:42:22.291+0000] {standard_task_runner.py:83} INFO - Job 17: Subtask lookup_setup
[2023-01-02T15:42:22.372+0000] {task_command.py:389} INFO - Running <TaskInstance: accidents_pipeline.lookup_setup scheduled__2022-12-31T00:00:00+00:00 [running]> on host 5aa4ea74be99
[2023-01-02T15:42:22.474+0000] {taskinstance.py:1513} INFO - Exporting the following env vars:
AIRFLOW_CTX_DAG_OWNER=***
AIRFLOW_CTX_DAG_ID=accidents_pipeline
AIRFLOW_CTX_TASK_ID=lookup_setup
AIRFLOW_CTX_EXECUTION_DATE=2022-12-31T00:00:00+00:00
AIRFLOW_CTX_TRY_NUMBER=1
AIRFLOW_CTX_DAG_RUN_ID=scheduled__2022-12-31T00:00:00+00:00
[2023-01-02T15:42:24.384+0000] {logging_mixin.py:137} WARNING - /home/***/.local/lib/python3.7/site-packages/***/operators/python.py:192 DtypeWarning: Columns (35) have mixed types.Specify dtype option on import or set low_memory=False.
[2023-01-02T15:42:26.726+0000] {python.py:177} INFO - Done. Returned value was: None
[2023-01-02T15:42:26.740+0000] {taskinstance.py:1327} INFO - Marking task as SUCCESS. dag_id=accidents_pipeline, task_id=lookup_setup, execution_date=20221231T000000, start_date=20230102T154222, end_date=20230102T154226
[2023-01-02T15:42:26.798+0000] {local_task_job.py:159} INFO - Task exited with return code 0
[2023-01-02T15:42:26.849+0000] {taskinstance.py:2582} INFO - 1 downstream tasks scheduled from follow-on schedule check
