[2023-01-03T20:31:57.688+0000] {taskinstance.py:1087} INFO - Dependencies all met for <TaskInstance: accidents_pipeline.discretizing manual__2023-01-03T20:31:13.583375+00:00 [queued]>
[2023-01-03T20:31:57.706+0000] {taskinstance.py:1087} INFO - Dependencies all met for <TaskInstance: accidents_pipeline.discretizing manual__2023-01-03T20:31:13.583375+00:00 [queued]>
[2023-01-03T20:31:57.707+0000] {taskinstance.py:1283} INFO - 
--------------------------------------------------------------------------------
[2023-01-03T20:31:57.707+0000] {taskinstance.py:1284} INFO - Starting attempt 1 of 2
[2023-01-03T20:31:57.708+0000] {taskinstance.py:1285} INFO - 
--------------------------------------------------------------------------------
[2023-01-03T20:31:57.731+0000] {taskinstance.py:1304} INFO - Executing <Task(PythonOperator): discretizing> on 2023-01-03 20:31:13.583375+00:00
[2023-01-03T20:31:57.739+0000] {standard_task_runner.py:55} INFO - Started process 301 to run task
[2023-01-03T20:31:57.744+0000] {standard_task_runner.py:82} INFO - Running: ['***', 'tasks', 'run', 'accidents_pipeline', 'discretizing', 'manual__2023-01-03T20:31:13.583375+00:00', '--job-id', '86', '--raw', '--subdir', 'DAGS_FOLDER/Airflow.py', '--cfg-path', '/tmp/tmpztpl1mbi']
[2023-01-03T20:31:57.746+0000] {standard_task_runner.py:83} INFO - Job 86: Subtask discretizing
[2023-01-03T20:31:57.852+0000] {task_command.py:389} INFO - Running <TaskInstance: accidents_pipeline.discretizing manual__2023-01-03T20:31:13.583375+00:00 [running]> on host 12f68ac250c6
[2023-01-03T20:31:57.967+0000] {taskinstance.py:1513} INFO - Exporting the following env vars:
AIRFLOW_CTX_DAG_OWNER=***
AIRFLOW_CTX_DAG_ID=accidents_pipeline
AIRFLOW_CTX_TASK_ID=discretizing
AIRFLOW_CTX_EXECUTION_DATE=2023-01-03T20:31:13.583375+00:00
AIRFLOW_CTX_TRY_NUMBER=1
AIRFLOW_CTX_DAG_RUN_ID=manual__2023-01-03T20:31:13.583375+00:00
[2023-01-03T20:32:08.343+0000] {python.py:177} INFO - Done. Returned value was: None
[2023-01-03T20:32:08.358+0000] {taskinstance.py:1327} INFO - Marking task as SUCCESS. dag_id=accidents_pipeline, task_id=discretizing, execution_date=20230103T203113, start_date=20230103T203157, end_date=20230103T203208
[2023-01-03T20:32:08.420+0000] {local_task_job.py:159} INFO - Task exited with return code 0
[2023-01-03T20:32:08.465+0000] {taskinstance.py:2582} INFO - 1 downstream tasks scheduled from follow-on schedule check
