[2023-01-03T18:52:53.188+0000] {taskinstance.py:1087} INFO - Dependencies all met for <TaskInstance: accidents_pipeline.encoding manual__2023-01-03T18:51:57.399301+00:00 [queued]>
[2023-01-03T18:52:53.203+0000] {taskinstance.py:1087} INFO - Dependencies all met for <TaskInstance: accidents_pipeline.encoding manual__2023-01-03T18:51:57.399301+00:00 [queued]>
[2023-01-03T18:52:53.204+0000] {taskinstance.py:1283} INFO - 
--------------------------------------------------------------------------------
[2023-01-03T18:52:53.204+0000] {taskinstance.py:1284} INFO - Starting attempt 1 of 2
[2023-01-03T18:52:53.205+0000] {taskinstance.py:1285} INFO - 
--------------------------------------------------------------------------------
[2023-01-03T18:52:53.225+0000] {taskinstance.py:1304} INFO - Executing <Task(PythonOperator): encoding> on 2023-01-03 18:51:57.399301+00:00
[2023-01-03T18:52:53.231+0000] {standard_task_runner.py:55} INFO - Started process 377 to run task
[2023-01-03T18:52:53.235+0000] {standard_task_runner.py:82} INFO - Running: ['***', 'tasks', 'run', 'accidents_pipeline', 'encoding', 'manual__2023-01-03T18:51:57.399301+00:00', '--job-id', '37', '--raw', '--subdir', 'DAGS_FOLDER/Airflow.py', '--cfg-path', '/tmp/tmp1pojyw2v']
[2023-01-03T18:52:53.237+0000] {standard_task_runner.py:83} INFO - Job 37: Subtask encoding
[2023-01-03T18:52:53.378+0000] {task_command.py:389} INFO - Running <TaskInstance: accidents_pipeline.encoding manual__2023-01-03T18:51:57.399301+00:00 [running]> on host 321b86f85270
[2023-01-03T18:52:53.490+0000] {taskinstance.py:1513} INFO - Exporting the following env vars:
AIRFLOW_CTX_DAG_OWNER=***
AIRFLOW_CTX_DAG_ID=accidents_pipeline
AIRFLOW_CTX_TASK_ID=encoding
AIRFLOW_CTX_EXECUTION_DATE=2023-01-03T18:51:57.399301+00:00
AIRFLOW_CTX_TRY_NUMBER=1
AIRFLOW_CTX_DAG_RUN_ID=manual__2023-01-03T18:51:57.399301+00:00
[2023-01-03T18:52:55.078+0000] {logging_mixin.py:137} INFO -                 accident_year         police_force  ...   latitude  week_number
accident_index                                      ...                        
201101BS70001            2011  Metropolitan Police  ...  51.495766            2
201101BS70002            2011  Metropolitan Police  ...  51.495710            2
201101BS70003            2011  Metropolitan Police  ...  51.489763            3
201101BS70005            2011  Metropolitan Police  ...  51.497875            4
201101BS70007            2011  Metropolitan Police  ...  51.482671            1

[5 rows x 32 columns]
[2023-01-03T18:52:55.197+0000] {logging_mixin.py:137} INFO -                 accident_year         police_force  ...   latitude  week_number
accident_index                                      ...                        
201101BS70001            2011  Metropolitan Police  ...  51.495766            2
201101BS70002            2011  Metropolitan Police  ...  51.495710            2
201101BS70003            2011  Metropolitan Police  ...  51.489763            3
201101BS70005            2011  Metropolitan Police  ...  51.497875            4
201101BS70007            2011  Metropolitan Police  ...  51.482671            1

[5 rows x 32 columns]
[2023-01-03T18:52:56.716+0000] {logging_mixin.py:137} INFO -                 accident_year  ...  road_surface_conditions_Wet or damp
accident_index                 ...                                     
201101BS70001            2011  ...                                    1
201101BS70002            2011  ...                                    1
201101BS70003            2011  ...                                    0
201101BS70005            2011  ...                                    0
201101BS70007            2011  ...                                    1

[5 rows x 46 columns]
[2023-01-03T18:52:59.877+0000] {python.py:177} INFO - Done. Returned value was: None
[2023-01-03T18:52:59.890+0000] {taskinstance.py:1327} INFO - Marking task as SUCCESS. dag_id=accidents_pipeline, task_id=encoding, execution_date=20230103T185157, start_date=20230103T185253, end_date=20230103T185259
[2023-01-03T18:52:59.938+0000] {local_task_job.py:159} INFO - Task exited with return code 0
[2023-01-03T18:52:59.995+0000] {taskinstance.py:2582} INFO - 1 downstream tasks scheduled from follow-on schedule check
