[2023-01-04T11:38:51.663+0000] {taskinstance.py:1087} INFO - Dependencies all met for <TaskInstance: accidents_pipeline.discretizing scheduled__2023-01-02T00:00:00+00:00 [queued]>
[2023-01-04T11:38:51.679+0000] {taskinstance.py:1087} INFO - Dependencies all met for <TaskInstance: accidents_pipeline.discretizing scheduled__2023-01-02T00:00:00+00:00 [queued]>
[2023-01-04T11:38:51.680+0000] {taskinstance.py:1283} INFO - 
--------------------------------------------------------------------------------
[2023-01-04T11:38:51.681+0000] {taskinstance.py:1284} INFO - Starting attempt 1 of 2
[2023-01-04T11:38:51.681+0000] {taskinstance.py:1285} INFO - 
--------------------------------------------------------------------------------
[2023-01-04T11:38:51.707+0000] {taskinstance.py:1304} INFO - Executing <Task(PythonOperator): discretizing> on 2023-01-02 00:00:00+00:00
[2023-01-04T11:38:51.715+0000] {standard_task_runner.py:55} INFO - Started process 702 to run task
[2023-01-04T11:38:51.721+0000] {standard_task_runner.py:82} INFO - Running: ['***', 'tasks', 'run', 'accidents_pipeline', 'discretizing', 'scheduled__2023-01-02T00:00:00+00:00', '--job-id', '3', '--raw', '--subdir', 'DAGS_FOLDER/Airflow.py', '--cfg-path', '/tmp/tmp8lkfa22d']
[2023-01-04T11:38:51.724+0000] {standard_task_runner.py:83} INFO - Job 3: Subtask discretizing
[2023-01-04T11:38:51.826+0000] {task_command.py:389} INFO - Running <TaskInstance: accidents_pipeline.discretizing scheduled__2023-01-02T00:00:00+00:00 [running]> on host 110f611c23f4
[2023-01-04T11:38:51.932+0000] {taskinstance.py:1513} INFO - Exporting the following env vars:
AIRFLOW_CTX_DAG_OWNER=***
AIRFLOW_CTX_DAG_ID=accidents_pipeline
AIRFLOW_CTX_TASK_ID=discretizing
AIRFLOW_CTX_EXECUTION_DATE=2023-01-02T00:00:00+00:00
AIRFLOW_CTX_TRY_NUMBER=1
AIRFLOW_CTX_DAG_RUN_ID=scheduled__2023-01-02T00:00:00+00:00
[2023-01-04T11:38:58.144+0000] {python.py:177} INFO - Done. Returned value was: None
[2023-01-04T11:38:58.153+0000] {taskinstance.py:1327} INFO - Marking task as SUCCESS. dag_id=accidents_pipeline, task_id=discretizing, execution_date=20230102T000000, start_date=20230104T113851, end_date=20230104T113858
[2023-01-04T11:38:58.193+0000] {local_task_job.py:159} INFO - Task exited with return code 0
[2023-01-04T11:38:58.236+0000] {taskinstance.py:2582} INFO - 1 downstream tasks scheduled from follow-on schedule check
[2023-01-04T12:02:40.559+0000] {taskinstance.py:1087} INFO - Dependencies all met for <TaskInstance: accidents_pipeline.discretizing scheduled__2023-01-02T00:00:00+00:00 [queued]>
[2023-01-04T12:02:40.678+0000] {taskinstance.py:1087} INFO - Dependencies all met for <TaskInstance: accidents_pipeline.discretizing scheduled__2023-01-02T00:00:00+00:00 [queued]>
[2023-01-04T12:02:40.680+0000] {taskinstance.py:1283} INFO - 
--------------------------------------------------------------------------------
[2023-01-04T12:02:40.681+0000] {taskinstance.py:1284} INFO - Starting attempt 1 of 2
[2023-01-04T12:02:40.682+0000] {taskinstance.py:1285} INFO - 
--------------------------------------------------------------------------------
[2023-01-04T12:02:40.725+0000] {taskinstance.py:1304} INFO - Executing <Task(PythonOperator): discretizing> on 2023-01-02 00:00:00+00:00
[2023-01-04T12:02:40.736+0000] {standard_task_runner.py:55} INFO - Started process 1211 to run task
[2023-01-04T12:02:40.744+0000] {standard_task_runner.py:82} INFO - Running: ['***', 'tasks', 'run', 'accidents_pipeline', 'discretizing', 'scheduled__2023-01-02T00:00:00+00:00', '--job-id', '12', '--raw', '--subdir', 'DAGS_FOLDER/Airflow.py', '--cfg-path', '/tmp/tmpv4ajazd5']
[2023-01-04T12:02:40.748+0000] {standard_task_runner.py:83} INFO - Job 12: Subtask discretizing
[2023-01-04T12:02:40.888+0000] {task_command.py:389} INFO - Running <TaskInstance: accidents_pipeline.discretizing scheduled__2023-01-02T00:00:00+00:00 [running]> on host 0eb9bfbdd4ca
[2023-01-04T12:02:41.042+0000] {taskinstance.py:1513} INFO - Exporting the following env vars:
AIRFLOW_CTX_DAG_OWNER=***
AIRFLOW_CTX_DAG_ID=accidents_pipeline
AIRFLOW_CTX_TASK_ID=discretizing
AIRFLOW_CTX_EXECUTION_DATE=2023-01-02T00:00:00+00:00
AIRFLOW_CTX_TRY_NUMBER=1
AIRFLOW_CTX_DAG_RUN_ID=scheduled__2023-01-02T00:00:00+00:00
[2023-01-04T12:02:49.861+0000] {python.py:177} INFO - Done. Returned value was: None
[2023-01-04T12:02:49.871+0000] {taskinstance.py:1327} INFO - Marking task as SUCCESS. dag_id=accidents_pipeline, task_id=discretizing, execution_date=20230102T000000, start_date=20230104T120240, end_date=20230104T120249
[2023-01-04T12:02:49.914+0000] {local_task_job.py:159} INFO - Task exited with return code 0
[2023-01-04T12:02:49.948+0000] {taskinstance.py:2582} INFO - 1 downstream tasks scheduled from follow-on schedule check
[2023-01-04T12:27:57.591+0000] {taskinstance.py:1087} INFO - Dependencies all met for <TaskInstance: accidents_pipeline.discretizing scheduled__2023-01-02T00:00:00+00:00 [queued]>
[2023-01-04T12:27:57.606+0000] {taskinstance.py:1087} INFO - Dependencies all met for <TaskInstance: accidents_pipeline.discretizing scheduled__2023-01-02T00:00:00+00:00 [queued]>
[2023-01-04T12:27:57.607+0000] {taskinstance.py:1283} INFO - 
--------------------------------------------------------------------------------
[2023-01-04T12:27:57.608+0000] {taskinstance.py:1284} INFO - Starting attempt 1 of 2
[2023-01-04T12:27:57.608+0000] {taskinstance.py:1285} INFO - 
--------------------------------------------------------------------------------
[2023-01-04T12:27:57.634+0000] {taskinstance.py:1304} INFO - Executing <Task(PythonOperator): discretizing> on 2023-01-02 00:00:00+00:00
[2023-01-04T12:27:57.644+0000] {standard_task_runner.py:55} INFO - Started process 3860 to run task
[2023-01-04T12:27:57.649+0000] {standard_task_runner.py:82} INFO - Running: ['***', 'tasks', 'run', 'accidents_pipeline', 'discretizing', 'scheduled__2023-01-02T00:00:00+00:00', '--job-id', '30', '--raw', '--subdir', 'DAGS_FOLDER/Airflow.py', '--cfg-path', '/tmp/tmpa3m1skjc']
[2023-01-04T12:27:57.653+0000] {standard_task_runner.py:83} INFO - Job 30: Subtask discretizing
[2023-01-04T12:27:57.744+0000] {task_command.py:389} INFO - Running <TaskInstance: accidents_pipeline.discretizing scheduled__2023-01-02T00:00:00+00:00 [running]> on host 0eb9bfbdd4ca
[2023-01-04T12:27:57.848+0000] {taskinstance.py:1513} INFO - Exporting the following env vars:
AIRFLOW_CTX_DAG_OWNER=***
AIRFLOW_CTX_DAG_ID=accidents_pipeline
AIRFLOW_CTX_TASK_ID=discretizing
AIRFLOW_CTX_EXECUTION_DATE=2023-01-02T00:00:00+00:00
AIRFLOW_CTX_TRY_NUMBER=1
AIRFLOW_CTX_DAG_RUN_ID=scheduled__2023-01-02T00:00:00+00:00
[2023-01-04T12:28:06.583+0000] {python.py:177} INFO - Done. Returned value was: None
[2023-01-04T12:28:06.594+0000] {taskinstance.py:1327} INFO - Marking task as SUCCESS. dag_id=accidents_pipeline, task_id=discretizing, execution_date=20230102T000000, start_date=20230104T122757, end_date=20230104T122806
[2023-01-04T12:28:06.622+0000] {local_task_job.py:159} INFO - Task exited with return code 0
[2023-01-04T12:28:06.659+0000] {taskinstance.py:2582} INFO - 1 downstream tasks scheduled from follow-on schedule check
