[2023-01-03T19:43:38.889+0000] {taskinstance.py:1087} INFO - Dependencies all met for <TaskInstance: accidents_pipeline.add2cols manual__2023-01-03T19:42:35.113870+00:00 [queued]>
[2023-01-03T19:43:38.904+0000] {taskinstance.py:1087} INFO - Dependencies all met for <TaskInstance: accidents_pipeline.add2cols manual__2023-01-03T19:42:35.113870+00:00 [queued]>
[2023-01-03T19:43:38.904+0000] {taskinstance.py:1283} INFO - 
--------------------------------------------------------------------------------
[2023-01-03T19:43:38.905+0000] {taskinstance.py:1284} INFO - Starting attempt 1 of 2
[2023-01-03T19:43:38.906+0000] {taskinstance.py:1285} INFO - 
--------------------------------------------------------------------------------
[2023-01-03T19:43:38.928+0000] {taskinstance.py:1304} INFO - Executing <Task(PythonOperator): add2cols> on 2023-01-03 19:42:35.113870+00:00
[2023-01-03T19:43:38.935+0000] {standard_task_runner.py:55} INFO - Started process 4999 to run task
[2023-01-03T19:43:38.939+0000] {standard_task_runner.py:82} INFO - Running: ['***', 'tasks', 'run', 'accidents_pipeline', 'add2cols', 'manual__2023-01-03T19:42:35.113870+00:00', '--job-id', '68', '--raw', '--subdir', 'DAGS_FOLDER/Airflow.py', '--cfg-path', '/tmp/tmpv9f6htxl']
[2023-01-03T19:43:38.941+0000] {standard_task_runner.py:83} INFO - Job 68: Subtask add2cols
[2023-01-03T19:43:39.024+0000] {task_command.py:389} INFO - Running <TaskInstance: accidents_pipeline.add2cols manual__2023-01-03T19:42:35.113870+00:00 [running]> on host 321b86f85270
[2023-01-03T19:43:39.127+0000] {taskinstance.py:1513} INFO - Exporting the following env vars:
AIRFLOW_CTX_DAG_OWNER=***
AIRFLOW_CTX_DAG_ID=accidents_pipeline
AIRFLOW_CTX_TASK_ID=add2cols
AIRFLOW_CTX_EXECUTION_DATE=2023-01-03T19:42:35.113870+00:00
AIRFLOW_CTX_TRY_NUMBER=1
AIRFLOW_CTX_DAG_RUN_ID=manual__2023-01-03T19:42:35.113870+00:00
[2023-01-03T19:43:44.332+0000] {python.py:177} INFO - Done. Returned value was: None
[2023-01-03T19:43:44.344+0000] {taskinstance.py:1327} INFO - Marking task as SUCCESS. dag_id=accidents_pipeline, task_id=add2cols, execution_date=20230103T194235, start_date=20230103T194338, end_date=20230103T194344
[2023-01-03T19:43:44.379+0000] {local_task_job.py:159} INFO - Task exited with return code 0
[2023-01-03T19:43:44.413+0000] {taskinstance.py:2582} INFO - 1 downstream tasks scheduled from follow-on schedule check
