[2023-01-02T15:42:30.487+0000] {taskinstance.py:1087} INFO - Dependencies all met for <TaskInstance: accidents_pipeline.MS2_final scheduled__2022-12-31T00:00:00+00:00 [queued]>
[2023-01-02T15:42:30.501+0000] {taskinstance.py:1087} INFO - Dependencies all met for <TaskInstance: accidents_pipeline.MS2_final scheduled__2022-12-31T00:00:00+00:00 [queued]>
[2023-01-02T15:42:30.501+0000] {taskinstance.py:1283} INFO - 
--------------------------------------------------------------------------------
[2023-01-02T15:42:30.502+0000] {taskinstance.py:1284} INFO - Starting attempt 1 of 2
[2023-01-02T15:42:30.503+0000] {taskinstance.py:1285} INFO - 
--------------------------------------------------------------------------------
[2023-01-02T15:42:30.523+0000] {taskinstance.py:1304} INFO - Executing <Task(PythonOperator): MS2_final> on 2022-12-31 00:00:00+00:00
[2023-01-02T15:42:30.529+0000] {standard_task_runner.py:55} INFO - Started process 391 to run task
[2023-01-02T15:42:30.532+0000] {standard_task_runner.py:82} INFO - Running: ['***', 'tasks', 'run', 'accidents_pipeline', 'MS2_final', 'scheduled__2022-12-31T00:00:00+00:00', '--job-id', '18', '--raw', '--subdir', 'DAGS_FOLDER/Airflow.py', '--cfg-path', '/tmp/tmpq8mut9bd']
[2023-01-02T15:42:30.535+0000] {standard_task_runner.py:83} INFO - Job 18: Subtask MS2_final
[2023-01-02T15:42:30.609+0000] {task_command.py:389} INFO - Running <TaskInstance: accidents_pipeline.MS2_final scheduled__2022-12-31T00:00:00+00:00 [running]> on host 5aa4ea74be99
[2023-01-02T15:42:30.704+0000] {taskinstance.py:1513} INFO - Exporting the following env vars:
AIRFLOW_CTX_DAG_OWNER=***
AIRFLOW_CTX_DAG_ID=accidents_pipeline
AIRFLOW_CTX_TASK_ID=MS2_final
AIRFLOW_CTX_EXECUTION_DATE=2022-12-31T00:00:00+00:00
AIRFLOW_CTX_TRY_NUMBER=1
AIRFLOW_CTX_DAG_RUN_ID=scheduled__2022-12-31T00:00:00+00:00
[2023-01-02T15:42:31.802+0000] {logging_mixin.py:137} WARNING - /opt/***/dags/Airflow.py:477 FutureWarning: Indexing with multiple keys (implicitly converted to a tuple of keys) will be deprecated, use a list instead.
[2023-01-02T15:42:34.762+0000] {python.py:177} INFO - Done. Returned value was: None
[2023-01-02T15:42:34.775+0000] {taskinstance.py:1327} INFO - Marking task as SUCCESS. dag_id=accidents_pipeline, task_id=MS2_final, execution_date=20221231T000000, start_date=20230102T154230, end_date=20230102T154234
[2023-01-02T15:42:34.801+0000] {local_task_job.py:159} INFO - Task exited with return code 0
[2023-01-02T15:42:34.839+0000] {taskinstance.py:2582} INFO - 0 downstream tasks scheduled from follow-on schedule check
