[2023-01-04T13:42:40.472+0000] {taskinstance.py:1087} INFO - Dependencies all met for <TaskInstance: accidents_pipeline.MS2_Gender scheduled__2023-01-02T00:00:00+00:00 [queued]>
[2023-01-04T13:42:40.488+0000] {taskinstance.py:1087} INFO - Dependencies all met for <TaskInstance: accidents_pipeline.MS2_Gender scheduled__2023-01-02T00:00:00+00:00 [queued]>
[2023-01-04T13:42:40.489+0000] {taskinstance.py:1283} INFO - 
--------------------------------------------------------------------------------
[2023-01-04T13:42:40.490+0000] {taskinstance.py:1284} INFO - Starting attempt 1 of 2
[2023-01-04T13:42:40.491+0000] {taskinstance.py:1285} INFO - 
--------------------------------------------------------------------------------
[2023-01-04T13:42:40.592+0000] {taskinstance.py:1304} INFO - Executing <Task(PythonOperator): MS2_Gender> on 2023-01-02 00:00:00+00:00
[2023-01-04T13:42:40.599+0000] {standard_task_runner.py:55} INFO - Started process 625 to run task
[2023-01-04T13:42:40.604+0000] {standard_task_runner.py:82} INFO - Running: ['***', 'tasks', 'run', 'accidents_pipeline', 'MS2_Gender', 'scheduled__2023-01-02T00:00:00+00:00', '--job-id', '43', '--raw', '--subdir', 'DAGS_FOLDER/Airflow.py', '--cfg-path', '/tmp/tmp4j68u390']
[2023-01-04T13:42:40.607+0000] {standard_task_runner.py:83} INFO - Job 43: Subtask MS2_Gender
[2023-01-04T13:42:40.703+0000] {task_command.py:389} INFO - Running <TaskInstance: accidents_pipeline.MS2_Gender scheduled__2023-01-02T00:00:00+00:00 [running]> on host 980a01aa00ba
[2023-01-04T13:42:40.798+0000] {taskinstance.py:1513} INFO - Exporting the following env vars:
AIRFLOW_CTX_DAG_OWNER=***
AIRFLOW_CTX_DAG_ID=accidents_pipeline
AIRFLOW_CTX_TASK_ID=MS2_Gender
AIRFLOW_CTX_EXECUTION_DATE=2023-01-02T00:00:00+00:00
AIRFLOW_CTX_TRY_NUMBER=1
AIRFLOW_CTX_DAG_RUN_ID=scheduled__2023-01-02T00:00:00+00:00
[2023-01-04T13:42:41.706+0000] {logging_mixin.py:137} WARNING - /opt/***/dags/Airflow.py:507 FutureWarning: Indexing with multiple keys (implicitly converted to a tuple of keys) will be deprecated, use a list instead.
[2023-01-04T13:42:44.307+0000] {python.py:177} INFO - Done. Returned value was: None
[2023-01-04T13:42:44.319+0000] {taskinstance.py:1327} INFO - Marking task as SUCCESS. dag_id=accidents_pipeline, task_id=MS2_Gender, execution_date=20230102T000000, start_date=20230104T134240, end_date=20230104T134244
[2023-01-04T13:42:44.349+0000] {local_task_job.py:159} INFO - Task exited with return code 0
[2023-01-04T13:42:44.383+0000] {taskinstance.py:2582} INFO - 1 downstream tasks scheduled from follow-on schedule check
