[2023-01-02T16:38:18.218+0000] {taskinstance.py:1087} INFO - Dependencies all met for <TaskInstance: accidents_pipeline.add2cols manual__2023-01-02T16:37:03.296409+00:00 [queued]>
[2023-01-02T16:38:18.234+0000] {taskinstance.py:1087} INFO - Dependencies all met for <TaskInstance: accidents_pipeline.add2cols manual__2023-01-02T16:37:03.296409+00:00 [queued]>
[2023-01-02T16:38:18.234+0000] {taskinstance.py:1283} INFO - 
--------------------------------------------------------------------------------
[2023-01-02T16:38:18.235+0000] {taskinstance.py:1284} INFO - Starting attempt 1 of 2
[2023-01-02T16:38:18.236+0000] {taskinstance.py:1285} INFO - 
--------------------------------------------------------------------------------
[2023-01-02T16:38:18.261+0000] {taskinstance.py:1304} INFO - Executing <Task(PythonOperator): add2cols> on 2023-01-02 16:37:03.296409+00:00
[2023-01-02T16:38:18.268+0000] {standard_task_runner.py:55} INFO - Started process 5127 to run task
[2023-01-02T16:38:18.274+0000] {standard_task_runner.py:82} INFO - Running: ['***', 'tasks', 'run', 'accidents_pipeline', 'add2cols', 'manual__2023-01-02T16:37:03.296409+00:00', '--job-id', '22', '--raw', '--subdir', 'DAGS_FOLDER/Airflow.py', '--cfg-path', '/tmp/tmppk6_qe37']
[2023-01-02T16:38:18.277+0000] {standard_task_runner.py:83} INFO - Job 22: Subtask add2cols
[2023-01-02T16:38:18.389+0000] {task_command.py:389} INFO - Running <TaskInstance: accidents_pipeline.add2cols manual__2023-01-02T16:37:03.296409+00:00 [running]> on host 5aa4ea74be99
[2023-01-02T16:38:18.522+0000] {taskinstance.py:1513} INFO - Exporting the following env vars:
AIRFLOW_CTX_DAG_OWNER=***
AIRFLOW_CTX_DAG_ID=accidents_pipeline
AIRFLOW_CTX_TASK_ID=add2cols
AIRFLOW_CTX_EXECUTION_DATE=2023-01-02T16:37:03.296409+00:00
AIRFLOW_CTX_TRY_NUMBER=1
AIRFLOW_CTX_DAG_RUN_ID=manual__2023-01-02T16:37:03.296409+00:00
[2023-01-02T16:38:24.508+0000] {python.py:177} INFO - Done. Returned value was: None
[2023-01-02T16:38:24.521+0000] {taskinstance.py:1327} INFO - Marking task as SUCCESS. dag_id=accidents_pipeline, task_id=add2cols, execution_date=20230102T163703, start_date=20230102T163818, end_date=20230102T163824
[2023-01-02T16:38:24.567+0000] {local_task_job.py:159} INFO - Task exited with return code 0
[2023-01-02T16:38:24.619+0000] {taskinstance.py:2582} INFO - 1 downstream tasks scheduled from follow-on schedule check
