[2023-01-03T20:32:40.910+0000] {taskinstance.py:1087} INFO - Dependencies all met for <TaskInstance: accidents_pipeline.MS2_final manual__2023-01-03T20:31:13.583375+00:00 [queued]>
[2023-01-03T20:32:40.924+0000] {taskinstance.py:1087} INFO - Dependencies all met for <TaskInstance: accidents_pipeline.MS2_final manual__2023-01-03T20:31:13.583375+00:00 [queued]>
[2023-01-03T20:32:40.925+0000] {taskinstance.py:1283} INFO - 
--------------------------------------------------------------------------------
[2023-01-03T20:32:40.926+0000] {taskinstance.py:1284} INFO - Starting attempt 1 of 2
[2023-01-03T20:32:40.926+0000] {taskinstance.py:1285} INFO - 
--------------------------------------------------------------------------------
[2023-01-03T20:32:40.946+0000] {taskinstance.py:1304} INFO - Executing <Task(PythonOperator): MS2_final> on 2023-01-03 20:31:13.583375+00:00
[2023-01-03T20:32:40.954+0000] {standard_task_runner.py:55} INFO - Started process 377 to run task
[2023-01-03T20:32:40.958+0000] {standard_task_runner.py:82} INFO - Running: ['***', 'tasks', 'run', 'accidents_pipeline', 'MS2_final', 'manual__2023-01-03T20:31:13.583375+00:00', '--job-id', '90', '--raw', '--subdir', 'DAGS_FOLDER/Airflow.py', '--cfg-path', '/tmp/tmpdfu1uh6n']
[2023-01-03T20:32:40.960+0000] {standard_task_runner.py:83} INFO - Job 90: Subtask MS2_final
[2023-01-03T20:32:41.050+0000] {task_command.py:389} INFO - Running <TaskInstance: accidents_pipeline.MS2_final manual__2023-01-03T20:31:13.583375+00:00 [running]> on host 12f68ac250c6
[2023-01-03T20:32:41.184+0000] {taskinstance.py:1513} INFO - Exporting the following env vars:
AIRFLOW_CTX_DAG_OWNER=***
AIRFLOW_CTX_DAG_ID=accidents_pipeline
AIRFLOW_CTX_TASK_ID=MS2_final
AIRFLOW_CTX_EXECUTION_DATE=2023-01-03T20:31:13.583375+00:00
AIRFLOW_CTX_TRY_NUMBER=1
AIRFLOW_CTX_DAG_RUN_ID=manual__2023-01-03T20:31:13.583375+00:00
[2023-01-03T20:32:42.340+0000] {logging_mixin.py:137} WARNING - /opt/***/dags/Airflow.py:480 FutureWarning: Indexing with multiple keys (implicitly converted to a tuple of keys) will be deprecated, use a list instead.
[2023-01-03T20:32:45.553+0000] {python.py:177} INFO - Done. Returned value was: None
[2023-01-03T20:32:45.566+0000] {taskinstance.py:1327} INFO - Marking task as SUCCESS. dag_id=accidents_pipeline, task_id=MS2_final, execution_date=20230103T203113, start_date=20230103T203240, end_date=20230103T203245
[2023-01-03T20:32:45.627+0000] {local_task_job.py:159} INFO - Task exited with return code 0
[2023-01-03T20:32:45.665+0000] {taskinstance.py:2582} INFO - 0 downstream tasks scheduled from follow-on schedule check
