[2023-01-03T19:47:57.002+0000] {taskinstance.py:1087} INFO - Dependencies all met for <TaskInstance: accidents_pipeline.add2cols manual__2023-01-03T19:46:51.588373+00:00 [queued]>
[2023-01-03T19:47:57.018+0000] {taskinstance.py:1087} INFO - Dependencies all met for <TaskInstance: accidents_pipeline.add2cols manual__2023-01-03T19:46:51.588373+00:00 [queued]>
[2023-01-03T19:47:57.019+0000] {taskinstance.py:1283} INFO - 
--------------------------------------------------------------------------------
[2023-01-03T19:47:57.020+0000] {taskinstance.py:1284} INFO - Starting attempt 1 of 2
[2023-01-03T19:47:57.020+0000] {taskinstance.py:1285} INFO - 
--------------------------------------------------------------------------------
[2023-01-03T19:47:57.041+0000] {taskinstance.py:1304} INFO - Executing <Task(PythonOperator): add2cols> on 2023-01-03 19:46:51.588373+00:00
[2023-01-03T19:47:57.049+0000] {standard_task_runner.py:55} INFO - Started process 5408 to run task
[2023-01-03T19:47:57.054+0000] {standard_task_runner.py:82} INFO - Running: ['***', 'tasks', 'run', 'accidents_pipeline', 'add2cols', 'manual__2023-01-03T19:46:51.588373+00:00', '--job-id', '76', '--raw', '--subdir', 'DAGS_FOLDER/Airflow.py', '--cfg-path', '/tmp/tmppkrgki0r']
[2023-01-03T19:47:57.056+0000] {standard_task_runner.py:83} INFO - Job 76: Subtask add2cols
[2023-01-03T19:47:57.143+0000] {task_command.py:389} INFO - Running <TaskInstance: accidents_pipeline.add2cols manual__2023-01-03T19:46:51.588373+00:00 [running]> on host 321b86f85270
[2023-01-03T19:47:57.250+0000] {taskinstance.py:1513} INFO - Exporting the following env vars:
AIRFLOW_CTX_DAG_OWNER=***
AIRFLOW_CTX_DAG_ID=accidents_pipeline
AIRFLOW_CTX_TASK_ID=add2cols
AIRFLOW_CTX_EXECUTION_DATE=2023-01-03T19:46:51.588373+00:00
AIRFLOW_CTX_TRY_NUMBER=1
AIRFLOW_CTX_DAG_RUN_ID=manual__2023-01-03T19:46:51.588373+00:00
[2023-01-03T19:48:02.550+0000] {python.py:177} INFO - Done. Returned value was: None
[2023-01-03T19:48:02.563+0000] {taskinstance.py:1327} INFO - Marking task as SUCCESS. dag_id=accidents_pipeline, task_id=add2cols, execution_date=20230103T194651, start_date=20230103T194757, end_date=20230103T194802
[2023-01-03T19:48:02.618+0000] {local_task_job.py:159} INFO - Task exited with return code 0
[2023-01-03T19:48:02.656+0000] {taskinstance.py:2582} INFO - 1 downstream tasks scheduled from follow-on schedule check
