[2023-01-04T11:39:25.658+0000] {taskinstance.py:1087} INFO - Dependencies all met for <TaskInstance: accidents_pipeline.load_to_postgres scheduled__2023-01-02T00:00:00+00:00 [queued]>
[2023-01-04T11:39:25.672+0000] {taskinstance.py:1087} INFO - Dependencies all met for <TaskInstance: accidents_pipeline.load_to_postgres scheduled__2023-01-02T00:00:00+00:00 [queued]>
[2023-01-04T11:39:25.673+0000] {taskinstance.py:1283} INFO - 
--------------------------------------------------------------------------------
[2023-01-04T11:39:25.674+0000] {taskinstance.py:1284} INFO - Starting attempt 1 of 2
[2023-01-04T11:39:25.674+0000] {taskinstance.py:1285} INFO - 
--------------------------------------------------------------------------------
[2023-01-04T11:39:25.692+0000] {taskinstance.py:1304} INFO - Executing <Task(PythonOperator): load_to_postgres> on 2023-01-02 00:00:00+00:00
[2023-01-04T11:39:25.698+0000] {standard_task_runner.py:55} INFO - Started process 763 to run task
[2023-01-04T11:39:25.702+0000] {standard_task_runner.py:82} INFO - Running: ['***', 'tasks', 'run', 'accidents_pipeline', 'load_to_postgres', 'scheduled__2023-01-02T00:00:00+00:00', '--job-id', '8', '--raw', '--subdir', 'DAGS_FOLDER/Airflow.py', '--cfg-path', '/tmp/tmpce0o8zmx']
[2023-01-04T11:39:25.705+0000] {standard_task_runner.py:83} INFO - Job 8: Subtask load_to_postgres
[2023-01-04T11:39:25.778+0000] {task_command.py:389} INFO - Running <TaskInstance: accidents_pipeline.load_to_postgres scheduled__2023-01-02T00:00:00+00:00 [running]> on host 110f611c23f4
[2023-01-04T11:39:25.860+0000] {taskinstance.py:1513} INFO - Exporting the following env vars:
AIRFLOW_CTX_DAG_OWNER=***
AIRFLOW_CTX_DAG_ID=accidents_pipeline
AIRFLOW_CTX_TASK_ID=load_to_postgres
AIRFLOW_CTX_EXECUTION_DATE=2023-01-02T00:00:00+00:00
AIRFLOW_CTX_TRY_NUMBER=1
AIRFLOW_CTX_DAG_RUN_ID=scheduled__2023-01-02T00:00:00+00:00
[2023-01-04T11:39:26.666+0000] {logging_mixin.py:137} INFO - connected succesfully
[2023-01-04T11:40:08.037+0000] {python.py:177} INFO - Done. Returned value was: None
[2023-01-04T11:40:08.049+0000] {taskinstance.py:1327} INFO - Marking task as SUCCESS. dag_id=accidents_pipeline, task_id=load_to_postgres, execution_date=20230102T000000, start_date=20230104T113925, end_date=20230104T114008
[2023-01-04T11:40:08.163+0000] {local_task_job.py:159} INFO - Task exited with return code 0
[2023-01-04T11:40:08.193+0000] {taskinstance.py:2582} INFO - 1 downstream tasks scheduled from follow-on schedule check
[2023-01-04T12:03:25.122+0000] {taskinstance.py:1087} INFO - Dependencies all met for <TaskInstance: accidents_pipeline.load_to_postgres scheduled__2023-01-02T00:00:00+00:00 [queued]>
[2023-01-04T12:03:25.229+0000] {taskinstance.py:1087} INFO - Dependencies all met for <TaskInstance: accidents_pipeline.load_to_postgres scheduled__2023-01-02T00:00:00+00:00 [queued]>
[2023-01-04T12:03:25.230+0000] {taskinstance.py:1283} INFO - 
--------------------------------------------------------------------------------
[2023-01-04T12:03:25.230+0000] {taskinstance.py:1284} INFO - Starting attempt 1 of 2
[2023-01-04T12:03:25.231+0000] {taskinstance.py:1285} INFO - 
--------------------------------------------------------------------------------
[2023-01-04T12:03:25.251+0000] {taskinstance.py:1304} INFO - Executing <Task(PythonOperator): load_to_postgres> on 2023-01-02 00:00:00+00:00
[2023-01-04T12:03:25.261+0000] {standard_task_runner.py:55} INFO - Started process 1298 to run task
[2023-01-04T12:03:25.266+0000] {standard_task_runner.py:82} INFO - Running: ['***', 'tasks', 'run', 'accidents_pipeline', 'load_to_postgres', 'scheduled__2023-01-02T00:00:00+00:00', '--job-id', '17', '--raw', '--subdir', 'DAGS_FOLDER/Airflow.py', '--cfg-path', '/tmp/tmpgzubyfvv']
[2023-01-04T12:03:25.269+0000] {standard_task_runner.py:83} INFO - Job 17: Subtask load_to_postgres
[2023-01-04T12:03:25.363+0000] {task_command.py:389} INFO - Running <TaskInstance: accidents_pipeline.load_to_postgres scheduled__2023-01-02T00:00:00+00:00 [running]> on host 0eb9bfbdd4ca
[2023-01-04T12:03:25.467+0000] {taskinstance.py:1513} INFO - Exporting the following env vars:
AIRFLOW_CTX_DAG_OWNER=***
AIRFLOW_CTX_DAG_ID=accidents_pipeline
AIRFLOW_CTX_TASK_ID=load_to_postgres
AIRFLOW_CTX_EXECUTION_DATE=2023-01-02T00:00:00+00:00
AIRFLOW_CTX_TRY_NUMBER=1
AIRFLOW_CTX_DAG_RUN_ID=scheduled__2023-01-02T00:00:00+00:00
[2023-01-04T12:03:26.315+0000] {logging_mixin.py:137} INFO - connected succesfully
[2023-01-04T12:04:16.562+0000] {python.py:177} INFO - Done. Returned value was: None
[2023-01-04T12:04:16.576+0000] {taskinstance.py:1327} INFO - Marking task as SUCCESS. dag_id=accidents_pipeline, task_id=load_to_postgres, execution_date=20230102T000000, start_date=20230104T120325, end_date=20230104T120416
[2023-01-04T12:04:16.677+0000] {local_task_job.py:159} INFO - Task exited with return code 0
[2023-01-04T12:04:16.709+0000] {taskinstance.py:2582} INFO - 1 downstream tasks scheduled from follow-on schedule check
[2023-01-04T12:28:36.189+0000] {taskinstance.py:1087} INFO - Dependencies all met for <TaskInstance: accidents_pipeline.load_to_postgres scheduled__2023-01-02T00:00:00+00:00 [queued]>
[2023-01-04T12:28:36.294+0000] {taskinstance.py:1087} INFO - Dependencies all met for <TaskInstance: accidents_pipeline.load_to_postgres scheduled__2023-01-02T00:00:00+00:00 [queued]>
[2023-01-04T12:28:36.294+0000] {taskinstance.py:1283} INFO - 
--------------------------------------------------------------------------------
[2023-01-04T12:28:36.295+0000] {taskinstance.py:1284} INFO - Starting attempt 1 of 2
[2023-01-04T12:28:36.295+0000] {taskinstance.py:1285} INFO - 
--------------------------------------------------------------------------------
[2023-01-04T12:28:36.313+0000] {taskinstance.py:1304} INFO - Executing <Task(PythonOperator): load_to_postgres> on 2023-01-02 00:00:00+00:00
[2023-01-04T12:28:36.320+0000] {standard_task_runner.py:55} INFO - Started process 3941 to run task
[2023-01-04T12:28:36.323+0000] {standard_task_runner.py:82} INFO - Running: ['***', 'tasks', 'run', 'accidents_pipeline', 'load_to_postgres', 'scheduled__2023-01-02T00:00:00+00:00', '--job-id', '35', '--raw', '--subdir', 'DAGS_FOLDER/Airflow.py', '--cfg-path', '/tmp/tmp12y7rbf0']
[2023-01-04T12:28:36.326+0000] {standard_task_runner.py:83} INFO - Job 35: Subtask load_to_postgres
[2023-01-04T12:28:36.395+0000] {task_command.py:389} INFO - Running <TaskInstance: accidents_pipeline.load_to_postgres scheduled__2023-01-02T00:00:00+00:00 [running]> on host 0eb9bfbdd4ca
[2023-01-04T12:28:36.475+0000] {taskinstance.py:1513} INFO - Exporting the following env vars:
AIRFLOW_CTX_DAG_OWNER=***
AIRFLOW_CTX_DAG_ID=accidents_pipeline
AIRFLOW_CTX_TASK_ID=load_to_postgres
AIRFLOW_CTX_EXECUTION_DATE=2023-01-02T00:00:00+00:00
AIRFLOW_CTX_TRY_NUMBER=1
AIRFLOW_CTX_DAG_RUN_ID=scheduled__2023-01-02T00:00:00+00:00
[2023-01-04T12:28:37.283+0000] {logging_mixin.py:137} INFO - connected succesfully
[2023-01-04T12:29:16.327+0000] {python.py:177} INFO - Done. Returned value was: None
[2023-01-04T12:29:16.336+0000] {taskinstance.py:1327} INFO - Marking task as SUCCESS. dag_id=accidents_pipeline, task_id=load_to_postgres, execution_date=20230102T000000, start_date=20230104T122836, end_date=20230104T122916
[2023-01-04T12:29:16.392+0000] {local_task_job.py:159} INFO - Task exited with return code 0
[2023-01-04T12:29:16.420+0000] {taskinstance.py:2582} INFO - 1 downstream tasks scheduled from follow-on schedule check
