[2023-01-04T12:13:47.114+0000] {taskinstance.py:1087} INFO - Dependencies all met for <TaskInstance: accidents_pipeline.load_to_postgres scheduled__2023-01-02T00:00:00+00:00 [queued]>
[2023-01-04T12:13:47.130+0000] {taskinstance.py:1087} INFO - Dependencies all met for <TaskInstance: accidents_pipeline.load_to_postgres scheduled__2023-01-02T00:00:00+00:00 [queued]>
[2023-01-04T12:13:47.131+0000] {taskinstance.py:1283} INFO - 
--------------------------------------------------------------------------------
[2023-01-04T12:13:47.132+0000] {taskinstance.py:1284} INFO - Starting attempt 2 of 3
[2023-01-04T12:13:47.133+0000] {taskinstance.py:1285} INFO - 
--------------------------------------------------------------------------------
[2023-01-04T12:13:47.157+0000] {taskinstance.py:1304} INFO - Executing <Task(PythonOperator): load_to_postgres> on 2023-01-02 00:00:00+00:00
[2023-01-04T12:13:47.165+0000] {standard_task_runner.py:55} INFO - Started process 2375 to run task
[2023-01-04T12:13:47.170+0000] {standard_task_runner.py:82} INFO - Running: ['***', 'tasks', 'run', 'accidents_pipeline', 'load_to_postgres', 'scheduled__2023-01-02T00:00:00+00:00', '--job-id', '19', '--raw', '--subdir', 'DAGS_FOLDER/Airflow.py', '--cfg-path', '/tmp/tmpsgpkr6dz']
[2023-01-04T12:13:47.174+0000] {standard_task_runner.py:83} INFO - Job 19: Subtask load_to_postgres
[2023-01-04T12:13:47.276+0000] {task_command.py:389} INFO - Running <TaskInstance: accidents_pipeline.load_to_postgres scheduled__2023-01-02T00:00:00+00:00 [running]> on host 0eb9bfbdd4ca
[2023-01-04T12:13:47.393+0000] {taskinstance.py:1513} INFO - Exporting the following env vars:
AIRFLOW_CTX_DAG_OWNER=***
AIRFLOW_CTX_DAG_ID=accidents_pipeline
AIRFLOW_CTX_TASK_ID=load_to_postgres
AIRFLOW_CTX_EXECUTION_DATE=2023-01-02T00:00:00+00:00
AIRFLOW_CTX_TRY_NUMBER=2
AIRFLOW_CTX_DAG_RUN_ID=scheduled__2023-01-02T00:00:00+00:00
[2023-01-04T12:13:48.106+0000] {logging_mixin.py:137} INFO - connected succesfully
[2023-01-04T12:14:41.786+0000] {python.py:177} INFO - Done. Returned value was: None
[2023-01-04T12:14:41.803+0000] {taskinstance.py:1327} INFO - Marking task as SUCCESS. dag_id=accidents_pipeline, task_id=load_to_postgres, execution_date=20230102T000000, start_date=20230104T121347, end_date=20230104T121441
[2023-01-04T12:14:41.943+0000] {local_task_job.py:159} INFO - Task exited with return code 0
[2023-01-04T12:14:41.992+0000] {taskinstance.py:2582} INFO - 0 downstream tasks scheduled from follow-on schedule check
