[2023-01-03T19:43:16.286+0000] {taskinstance.py:1087} INFO - Dependencies all met for <TaskInstance: accidents_pipeline.discretizing manual__2023-01-03T19:42:35.113870+00:00 [queued]>
[2023-01-03T19:43:16.305+0000] {taskinstance.py:1087} INFO - Dependencies all met for <TaskInstance: accidents_pipeline.discretizing manual__2023-01-03T19:42:35.113870+00:00 [queued]>
[2023-01-03T19:43:16.305+0000] {taskinstance.py:1283} INFO - 
--------------------------------------------------------------------------------
[2023-01-03T19:43:16.306+0000] {taskinstance.py:1284} INFO - Starting attempt 1 of 2
[2023-01-03T19:43:16.306+0000] {taskinstance.py:1285} INFO - 
--------------------------------------------------------------------------------
[2023-01-03T19:43:16.333+0000] {taskinstance.py:1304} INFO - Executing <Task(PythonOperator): discretizing> on 2023-01-03 19:42:35.113870+00:00
[2023-01-03T19:43:16.339+0000] {standard_task_runner.py:55} INFO - Started process 4949 to run task
[2023-01-03T19:43:16.344+0000] {standard_task_runner.py:82} INFO - Running: ['***', 'tasks', 'run', 'accidents_pipeline', 'discretizing', 'manual__2023-01-03T19:42:35.113870+00:00', '--job-id', '66', '--raw', '--subdir', 'DAGS_FOLDER/Airflow.py', '--cfg-path', '/tmp/tmp8p8xptft']
[2023-01-03T19:43:16.347+0000] {standard_task_runner.py:83} INFO - Job 66: Subtask discretizing
[2023-01-03T19:43:16.436+0000] {task_command.py:389} INFO - Running <TaskInstance: accidents_pipeline.discretizing manual__2023-01-03T19:42:35.113870+00:00 [running]> on host 321b86f85270
[2023-01-03T19:43:16.536+0000] {taskinstance.py:1513} INFO - Exporting the following env vars:
AIRFLOW_CTX_DAG_OWNER=***
AIRFLOW_CTX_DAG_ID=accidents_pipeline
AIRFLOW_CTX_TASK_ID=discretizing
AIRFLOW_CTX_EXECUTION_DATE=2023-01-03T19:42:35.113870+00:00
AIRFLOW_CTX_TRY_NUMBER=1
AIRFLOW_CTX_DAG_RUN_ID=manual__2023-01-03T19:42:35.113870+00:00
[2023-01-03T19:43:26.666+0000] {python.py:177} INFO - Done. Returned value was: None
[2023-01-03T19:43:26.679+0000] {taskinstance.py:1327} INFO - Marking task as SUCCESS. dag_id=accidents_pipeline, task_id=discretizing, execution_date=20230103T194235, start_date=20230103T194316, end_date=20230103T194326
[2023-01-03T19:43:26.714+0000] {local_task_job.py:159} INFO - Task exited with return code 0
[2023-01-03T19:43:26.758+0000] {taskinstance.py:2582} INFO - 1 downstream tasks scheduled from follow-on schedule check
