[2023-01-03T19:43:29.781+0000] {taskinstance.py:1087} INFO - Dependencies all met for <TaskInstance: accidents_pipeline.encoding manual__2023-01-03T19:42:35.113870+00:00 [queued]>
[2023-01-03T19:43:29.794+0000] {taskinstance.py:1087} INFO - Dependencies all met for <TaskInstance: accidents_pipeline.encoding manual__2023-01-03T19:42:35.113870+00:00 [queued]>
[2023-01-03T19:43:29.795+0000] {taskinstance.py:1283} INFO - 
--------------------------------------------------------------------------------
[2023-01-03T19:43:29.796+0000] {taskinstance.py:1284} INFO - Starting attempt 1 of 2
[2023-01-03T19:43:29.797+0000] {taskinstance.py:1285} INFO - 
--------------------------------------------------------------------------------
[2023-01-03T19:43:29.819+0000] {taskinstance.py:1304} INFO - Executing <Task(PythonOperator): encoding> on 2023-01-03 19:42:35.113870+00:00
[2023-01-03T19:43:29.825+0000] {standard_task_runner.py:55} INFO - Started process 4970 to run task
[2023-01-03T19:43:29.829+0000] {standard_task_runner.py:82} INFO - Running: ['***', 'tasks', 'run', 'accidents_pipeline', 'encoding', 'manual__2023-01-03T19:42:35.113870+00:00', '--job-id', '67', '--raw', '--subdir', 'DAGS_FOLDER/Airflow.py', '--cfg-path', '/tmp/tmpsh10k4b7']
[2023-01-03T19:43:29.831+0000] {standard_task_runner.py:83} INFO - Job 67: Subtask encoding
[2023-01-03T19:43:29.926+0000] {task_command.py:389} INFO - Running <TaskInstance: accidents_pipeline.encoding manual__2023-01-03T19:42:35.113870+00:00 [running]> on host 321b86f85270
[2023-01-03T19:43:30.040+0000] {taskinstance.py:1513} INFO - Exporting the following env vars:
AIRFLOW_CTX_DAG_OWNER=***
AIRFLOW_CTX_DAG_ID=accidents_pipeline
AIRFLOW_CTX_TASK_ID=encoding
AIRFLOW_CTX_EXECUTION_DATE=2023-01-03T19:42:35.113870+00:00
AIRFLOW_CTX_TRY_NUMBER=1
AIRFLOW_CTX_DAG_RUN_ID=manual__2023-01-03T19:42:35.113870+00:00
[2023-01-03T19:43:31.426+0000] {logging_mixin.py:137} INFO -                 accident_year         police_force  ...   latitude  week_number
accident_index                                      ...                        
201101BS70001            2011  Metropolitan Police  ...  51.495766            2
201101BS70002            2011  Metropolitan Police  ...  51.495710            2
201101BS70003            2011  Metropolitan Police  ...  51.489763            3
201101BS70005            2011  Metropolitan Police  ...  51.497875            4
201101BS70007            2011  Metropolitan Police  ...  51.482671            1

[5 rows x 32 columns]
[2023-01-03T19:43:31.530+0000] {logging_mixin.py:137} INFO -                 accident_year         police_force  ...   latitude  week_number
accident_index                                      ...                        
201101BS70001            2011  Metropolitan Police  ...  51.495766            2
201101BS70002            2011  Metropolitan Police  ...  51.495710            2
201101BS70003            2011  Metropolitan Police  ...  51.489763            3
201101BS70005            2011  Metropolitan Police  ...  51.497875            4
201101BS70007            2011  Metropolitan Police  ...  51.482671            1

[5 rows x 32 columns]
[2023-01-03T19:43:32.868+0000] {logging_mixin.py:137} INFO -                 accident_year  ...  road_surface_conditions_Wet or damp
accident_index                 ...                                     
201101BS70001            2011  ...                                    1
201101BS70002            2011  ...                                    1
201101BS70003            2011  ...                                    0
201101BS70005            2011  ...                                    0
201101BS70007            2011  ...                                    1

[5 rows x 46 columns]
[2023-01-03T19:43:35.342+0000] {python.py:177} INFO - Done. Returned value was: None
[2023-01-03T19:43:35.355+0000] {taskinstance.py:1327} INFO - Marking task as SUCCESS. dag_id=accidents_pipeline, task_id=encoding, execution_date=20230103T194235, start_date=20230103T194329, end_date=20230103T194335
[2023-01-03T19:43:35.402+0000] {local_task_job.py:159} INFO - Task exited with return code 0
[2023-01-03T19:43:35.444+0000] {taskinstance.py:2582} INFO - 1 downstream tasks scheduled from follow-on schedule check
