[2023-01-04T13:42:34.090+0000] {taskinstance.py:1087} INFO - Dependencies all met for <TaskInstance: accidents_pipeline.Lookup_Table scheduled__2023-01-02T00:00:00+00:00 [queued]>
[2023-01-04T13:42:34.100+0000] {taskinstance.py:1087} INFO - Dependencies all met for <TaskInstance: accidents_pipeline.Lookup_Table scheduled__2023-01-02T00:00:00+00:00 [queued]>
[2023-01-04T13:42:34.100+0000] {taskinstance.py:1283} INFO - 
--------------------------------------------------------------------------------
[2023-01-04T13:42:34.101+0000] {taskinstance.py:1284} INFO - Starting attempt 1 of 2
[2023-01-04T13:42:34.101+0000] {taskinstance.py:1285} INFO - 
--------------------------------------------------------------------------------
[2023-01-04T13:42:34.117+0000] {taskinstance.py:1304} INFO - Executing <Task(PythonOperator): Lookup_Table> on 2023-01-02 00:00:00+00:00
[2023-01-04T13:42:34.122+0000] {standard_task_runner.py:55} INFO - Started process 618 to run task
[2023-01-04T13:42:34.126+0000] {standard_task_runner.py:82} INFO - Running: ['***', 'tasks', 'run', 'accidents_pipeline', 'Lookup_Table', 'scheduled__2023-01-02T00:00:00+00:00', '--job-id', '42', '--raw', '--subdir', 'DAGS_FOLDER/Airflow.py', '--cfg-path', '/tmp/tmpy31m1t34']
[2023-01-04T13:42:34.128+0000] {standard_task_runner.py:83} INFO - Job 42: Subtask Lookup_Table
[2023-01-04T13:42:34.191+0000] {task_command.py:389} INFO - Running <TaskInstance: accidents_pipeline.Lookup_Table scheduled__2023-01-02T00:00:00+00:00 [running]> on host 980a01aa00ba
[2023-01-04T13:42:34.265+0000] {taskinstance.py:1513} INFO - Exporting the following env vars:
AIRFLOW_CTX_DAG_OWNER=***
AIRFLOW_CTX_DAG_ID=accidents_pipeline
AIRFLOW_CTX_TASK_ID=Lookup_Table
AIRFLOW_CTX_EXECUTION_DATE=2023-01-02T00:00:00+00:00
AIRFLOW_CTX_TRY_NUMBER=1
AIRFLOW_CTX_DAG_RUN_ID=scheduled__2023-01-02T00:00:00+00:00
[2023-01-04T13:42:35.642+0000] {logging_mixin.py:137} WARNING - /home/***/.local/lib/python3.7/site-packages/***/operators/python.py:192 DtypeWarning: Columns (35) have mixed types.Specify dtype option on import or set low_memory=False.
[2023-01-04T13:42:37.459+0000] {python.py:177} INFO - Done. Returned value was: None
[2023-01-04T13:42:37.469+0000] {taskinstance.py:1327} INFO - Marking task as SUCCESS. dag_id=accidents_pipeline, task_id=Lookup_Table, execution_date=20230102T000000, start_date=20230104T134234, end_date=20230104T134237
[2023-01-04T13:42:37.509+0000] {local_task_job.py:159} INFO - Task exited with return code 0
[2023-01-04T13:42:37.555+0000] {taskinstance.py:2582} INFO - 1 downstream tasks scheduled from follow-on schedule check
