[2023-01-03T18:58:38.026+0000] {taskinstance.py:1087} INFO - Dependencies all met for <TaskInstance: accidents_pipeline.load_to_postgres manual__2023-01-03T18:51:57.399301+00:00 [queued]>
[2023-01-03T18:58:38.040+0000] {taskinstance.py:1087} INFO - Dependencies all met for <TaskInstance: accidents_pipeline.load_to_postgres manual__2023-01-03T18:51:57.399301+00:00 [queued]>
[2023-01-03T18:58:38.041+0000] {taskinstance.py:1283} INFO - 
--------------------------------------------------------------------------------
[2023-01-03T18:58:38.042+0000] {taskinstance.py:1284} INFO - Starting attempt 2 of 2
[2023-01-03T18:58:38.042+0000] {taskinstance.py:1285} INFO - 
--------------------------------------------------------------------------------
[2023-01-03T18:58:38.062+0000] {taskinstance.py:1304} INFO - Executing <Task(PythonOperator): load_to_postgres> on 2023-01-03 18:51:57.399301+00:00
[2023-01-03T18:58:38.066+0000] {standard_task_runner.py:55} INFO - Started process 907 to run task
[2023-01-03T18:58:38.071+0000] {standard_task_runner.py:82} INFO - Running: ['***', 'tasks', 'run', 'accidents_pipeline', 'load_to_postgres', 'manual__2023-01-03T18:51:57.399301+00:00', '--job-id', '42', '--raw', '--subdir', 'DAGS_FOLDER/Airflow.py', '--cfg-path', '/tmp/tmpiutoi5bm']
[2023-01-03T18:58:38.074+0000] {standard_task_runner.py:83} INFO - Job 42: Subtask load_to_postgres
[2023-01-03T18:58:38.156+0000] {task_command.py:389} INFO - Running <TaskInstance: accidents_pipeline.load_to_postgres manual__2023-01-03T18:51:57.399301+00:00 [running]> on host 321b86f85270
[2023-01-03T18:58:38.297+0000] {taskinstance.py:1513} INFO - Exporting the following env vars:
AIRFLOW_CTX_DAG_OWNER=***
AIRFLOW_CTX_DAG_ID=accidents_pipeline
AIRFLOW_CTX_TASK_ID=load_to_postgres
AIRFLOW_CTX_EXECUTION_DATE=2023-01-03T18:51:57.399301+00:00
AIRFLOW_CTX_TRY_NUMBER=2
AIRFLOW_CTX_DAG_RUN_ID=manual__2023-01-03T18:51:57.399301+00:00
[2023-01-03T18:58:39.434+0000] {logging_mixin.py:137} INFO - connected succesfully
[2023-01-03T18:59:29.195+0000] {python.py:177} INFO - Done. Returned value was: None
[2023-01-03T18:59:29.207+0000] {taskinstance.py:1327} INFO - Marking task as SUCCESS. dag_id=accidents_pipeline, task_id=load_to_postgres, execution_date=20230103T185157, start_date=20230103T185838, end_date=20230103T185929
[2023-01-03T18:59:29.287+0000] {local_task_job.py:159} INFO - Task exited with return code 0
[2023-01-03T18:59:29.322+0000] {taskinstance.py:2582} INFO - 1 downstream tasks scheduled from follow-on schedule check
