[2023-01-03T19:10:41.923+0000] {taskinstance.py:1087} INFO - Dependencies all met for <TaskInstance: accidents_pipeline.MS2_final manual__2023-01-03T19:05:54.497116+00:00 [queued]>
[2023-01-03T19:10:41.937+0000] {taskinstance.py:1087} INFO - Dependencies all met for <TaskInstance: accidents_pipeline.MS2_final manual__2023-01-03T19:05:54.497116+00:00 [queued]>
[2023-01-03T19:10:41.937+0000] {taskinstance.py:1283} INFO - 
--------------------------------------------------------------------------------
[2023-01-03T19:10:41.938+0000] {taskinstance.py:1284} INFO - Starting attempt 2 of 3
[2023-01-03T19:10:41.938+0000] {taskinstance.py:1285} INFO - 
--------------------------------------------------------------------------------
[2023-01-03T19:10:41.961+0000] {taskinstance.py:1304} INFO - Executing <Task(PythonOperator): MS2_final> on 2023-01-03 19:05:54.497116+00:00
[2023-01-03T19:10:41.967+0000] {standard_task_runner.py:55} INFO - Started process 2017 to run task
[2023-01-03T19:10:41.974+0000] {standard_task_runner.py:82} INFO - Running: ['***', 'tasks', 'run', 'accidents_pipeline', 'MS2_final', 'manual__2023-01-03T19:05:54.497116+00:00', '--job-id', '52', '--raw', '--subdir', 'DAGS_FOLDER/Airflow.py', '--cfg-path', '/tmp/tmpt8ydm56x']
[2023-01-03T19:10:41.977+0000] {standard_task_runner.py:83} INFO - Job 52: Subtask MS2_final
[2023-01-03T19:10:42.064+0000] {task_command.py:389} INFO - Running <TaskInstance: accidents_pipeline.MS2_final manual__2023-01-03T19:05:54.497116+00:00 [running]> on host 321b86f85270
[2023-01-03T19:10:42.179+0000] {taskinstance.py:1513} INFO - Exporting the following env vars:
AIRFLOW_CTX_DAG_OWNER=***
AIRFLOW_CTX_DAG_ID=accidents_pipeline
AIRFLOW_CTX_TASK_ID=MS2_final
AIRFLOW_CTX_EXECUTION_DATE=2023-01-03T19:05:54.497116+00:00
AIRFLOW_CTX_TRY_NUMBER=2
AIRFLOW_CTX_DAG_RUN_ID=manual__2023-01-03T19:05:54.497116+00:00
[2023-01-03T19:10:43.274+0000] {logging_mixin.py:137} WARNING - /opt/***/dags/Airflow.py:480 FutureWarning: Indexing with multiple keys (implicitly converted to a tuple of keys) will be deprecated, use a list instead.
[2023-01-03T19:10:46.346+0000] {python.py:177} INFO - Done. Returned value was: None
[2023-01-03T19:10:46.360+0000] {taskinstance.py:1327} INFO - Marking task as SUCCESS. dag_id=accidents_pipeline, task_id=MS2_final, execution_date=20230103T190554, start_date=20230103T191041, end_date=20230103T191046
[2023-01-03T19:10:46.403+0000] {local_task_job.py:159} INFO - Task exited with return code 0
[2023-01-03T19:10:46.455+0000] {taskinstance.py:2582} INFO - 1 downstream tasks scheduled from follow-on schedule check
