[2023-01-03T20:31:17.149+0000] {taskinstance.py:1087} INFO - Dependencies all met for <TaskInstance: accidents_pipeline.extract_dataset manual__2023-01-03T20:31:13.583375+00:00 [queued]>
[2023-01-03T20:31:17.162+0000] {taskinstance.py:1087} INFO - Dependencies all met for <TaskInstance: accidents_pipeline.extract_dataset manual__2023-01-03T20:31:13.583375+00:00 [queued]>
[2023-01-03T20:31:17.163+0000] {taskinstance.py:1283} INFO - 
--------------------------------------------------------------------------------
[2023-01-03T20:31:17.164+0000] {taskinstance.py:1284} INFO - Starting attempt 1 of 2
[2023-01-03T20:31:17.165+0000] {taskinstance.py:1285} INFO - 
--------------------------------------------------------------------------------
[2023-01-03T20:31:17.185+0000] {taskinstance.py:1304} INFO - Executing <Task(PythonOperator): extract_dataset> on 2023-01-03 20:31:13.583375+00:00
[2023-01-03T20:31:17.191+0000] {standard_task_runner.py:55} INFO - Started process 231 to run task
[2023-01-03T20:31:17.195+0000] {standard_task_runner.py:82} INFO - Running: ['***', 'tasks', 'run', 'accidents_pipeline', 'extract_dataset', 'manual__2023-01-03T20:31:13.583375+00:00', '--job-id', '85', '--raw', '--subdir', 'DAGS_FOLDER/Airflow.py', '--cfg-path', '/tmp/tmp9l3v8959']
[2023-01-03T20:31:17.198+0000] {standard_task_runner.py:83} INFO - Job 85: Subtask extract_dataset
[2023-01-03T20:31:17.279+0000] {task_command.py:389} INFO - Running <TaskInstance: accidents_pipeline.extract_dataset manual__2023-01-03T20:31:13.583375+00:00 [running]> on host 12f68ac250c6
[2023-01-03T20:31:17.381+0000] {taskinstance.py:1513} INFO - Exporting the following env vars:
AIRFLOW_CTX_DAG_OWNER=***
AIRFLOW_CTX_DAG_ID=accidents_pipeline
AIRFLOW_CTX_TASK_ID=extract_dataset
AIRFLOW_CTX_EXECUTION_DATE=2023-01-03T20:31:13.583375+00:00
AIRFLOW_CTX_TRY_NUMBER=1
AIRFLOW_CTX_DAG_RUN_ID=manual__2023-01-03T20:31:13.583375+00:00
[2023-01-03T20:31:19.719+0000] {logging_mixin.py:137} WARNING - /home/***/.local/lib/python3.7/site-packages/***/operators/python.py:192 DtypeWarning: Columns (35) have mixed types.Specify dtype option on import or set low_memory=False.
[2023-01-03T20:31:49.509+0000] {logging_mixin.py:137} INFO - Method: Z-score
[2023-01-03T20:31:49.512+0000] {logging_mixin.py:137} INFO - Count Of Outliers:  3298 from 151474
[2023-01-03T20:31:49.513+0000] {logging_mixin.py:137} INFO - Outliers Unique Values [ 4  5  6  7  8  9 10 11 12 29 34]
[2023-01-03T20:31:49.513+0000] {logging_mixin.py:137} INFO - Percentage Of Outliers:  2.177 %
[2023-01-03T20:31:49.521+0000] {logging_mixin.py:137} INFO - Method: IQR
[2023-01-03T20:31:49.524+0000] {logging_mixin.py:137} INFO - Count Of Outliers:  34597 from 151474
[2023-01-03T20:31:49.525+0000] {logging_mixin.py:137} INFO - Outliers Unique Values [ 2  3  4  5  6  7  8  9 10 11 12 13 14 15 16 18 21 22 25 26 51 63 87]
[2023-01-03T20:31:49.526+0000] {logging_mixin.py:137} INFO - Percentage Of Outliers:  22.84 %
[2023-01-03T20:31:53.566+0000] {python.py:177} INFO - Done. Returned value was: None
[2023-01-03T20:31:53.581+0000] {taskinstance.py:1327} INFO - Marking task as SUCCESS. dag_id=accidents_pipeline, task_id=extract_dataset, execution_date=20230103T203113, start_date=20230103T203117, end_date=20230103T203153
[2023-01-03T20:31:53.622+0000] {local_task_job.py:159} INFO - Task exited with return code 0
[2023-01-03T20:31:53.667+0000] {taskinstance.py:2582} INFO - 1 downstream tasks scheduled from follow-on schedule check
