[2023-01-03T19:47:34.750+0000] {taskinstance.py:1087} INFO - Dependencies all met for <TaskInstance: accidents_pipeline.discretizing manual__2023-01-03T19:46:51.588373+00:00 [queued]>
[2023-01-03T19:47:34.763+0000] {taskinstance.py:1087} INFO - Dependencies all met for <TaskInstance: accidents_pipeline.discretizing manual__2023-01-03T19:46:51.588373+00:00 [queued]>
[2023-01-03T19:47:34.764+0000] {taskinstance.py:1283} INFO - 
--------------------------------------------------------------------------------
[2023-01-03T19:47:34.765+0000] {taskinstance.py:1284} INFO - Starting attempt 1 of 2
[2023-01-03T19:47:34.765+0000] {taskinstance.py:1285} INFO - 
--------------------------------------------------------------------------------
[2023-01-03T19:47:34.785+0000] {taskinstance.py:1304} INFO - Executing <Task(PythonOperator): discretizing> on 2023-01-03 19:46:51.588373+00:00
[2023-01-03T19:47:34.791+0000] {standard_task_runner.py:55} INFO - Started process 5382 to run task
[2023-01-03T19:47:34.795+0000] {standard_task_runner.py:82} INFO - Running: ['***', 'tasks', 'run', 'accidents_pipeline', 'discretizing', 'manual__2023-01-03T19:46:51.588373+00:00', '--job-id', '74', '--raw', '--subdir', 'DAGS_FOLDER/Airflow.py', '--cfg-path', '/tmp/tmpuol2jtyd']
[2023-01-03T19:47:34.798+0000] {standard_task_runner.py:83} INFO - Job 74: Subtask discretizing
[2023-01-03T19:47:34.891+0000] {task_command.py:389} INFO - Running <TaskInstance: accidents_pipeline.discretizing manual__2023-01-03T19:46:51.588373+00:00 [running]> on host 321b86f85270
[2023-01-03T19:47:35.025+0000] {taskinstance.py:1513} INFO - Exporting the following env vars:
AIRFLOW_CTX_DAG_OWNER=***
AIRFLOW_CTX_DAG_ID=accidents_pipeline
AIRFLOW_CTX_TASK_ID=discretizing
AIRFLOW_CTX_EXECUTION_DATE=2023-01-03T19:46:51.588373+00:00
AIRFLOW_CTX_TRY_NUMBER=1
AIRFLOW_CTX_DAG_RUN_ID=manual__2023-01-03T19:46:51.588373+00:00
[2023-01-03T19:47:44.365+0000] {python.py:177} INFO - Done. Returned value was: None
[2023-01-03T19:47:44.378+0000] {taskinstance.py:1327} INFO - Marking task as SUCCESS. dag_id=accidents_pipeline, task_id=discretizing, execution_date=20230103T194651, start_date=20230103T194734, end_date=20230103T194744
[2023-01-03T19:47:44.421+0000] {local_task_job.py:159} INFO - Task exited with return code 0
[2023-01-03T19:47:44.462+0000] {taskinstance.py:2582} INFO - 1 downstream tasks scheduled from follow-on schedule check
