[2023-01-02T18:59:33.413+0000] {taskinstance.py:1087} INFO - Dependencies all met for <TaskInstance: accidents_pipeline.MS2_final manual__2023-01-02T18:58:11.453907+00:00 [queued]>
[2023-01-02T18:59:33.428+0000] {taskinstance.py:1087} INFO - Dependencies all met for <TaskInstance: accidents_pipeline.MS2_final manual__2023-01-02T18:58:11.453907+00:00 [queued]>
[2023-01-02T18:59:33.429+0000] {taskinstance.py:1283} INFO - 
--------------------------------------------------------------------------------
[2023-01-02T18:59:33.429+0000] {taskinstance.py:1284} INFO - Starting attempt 1 of 2
[2023-01-02T18:59:33.430+0000] {taskinstance.py:1285} INFO - 
--------------------------------------------------------------------------------
[2023-01-02T18:59:33.456+0000] {taskinstance.py:1304} INFO - Executing <Task(PythonOperator): MS2_final> on 2023-01-02 18:58:11.453907+00:00
[2023-01-02T18:59:33.462+0000] {standard_task_runner.py:55} INFO - Started process 13465 to run task
[2023-01-02T18:59:33.466+0000] {standard_task_runner.py:82} INFO - Running: ['***', 'tasks', 'run', 'accidents_pipeline', 'MS2_final', 'manual__2023-01-02T18:58:11.453907+00:00', '--job-id', '32', '--raw', '--subdir', 'DAGS_FOLDER/Airflow.py', '--cfg-path', '/tmp/tmpbdr99yn7']
[2023-01-02T18:59:33.469+0000] {standard_task_runner.py:83} INFO - Job 32: Subtask MS2_final
[2023-01-02T18:59:33.552+0000] {task_command.py:389} INFO - Running <TaskInstance: accidents_pipeline.MS2_final manual__2023-01-02T18:58:11.453907+00:00 [running]> on host 5aa4ea74be99
[2023-01-02T18:59:33.667+0000] {taskinstance.py:1513} INFO - Exporting the following env vars:
AIRFLOW_CTX_DAG_OWNER=***
AIRFLOW_CTX_DAG_ID=accidents_pipeline
AIRFLOW_CTX_TASK_ID=MS2_final
AIRFLOW_CTX_EXECUTION_DATE=2023-01-02T18:58:11.453907+00:00
AIRFLOW_CTX_TRY_NUMBER=1
AIRFLOW_CTX_DAG_RUN_ID=manual__2023-01-02T18:58:11.453907+00:00
[2023-01-02T18:59:34.805+0000] {logging_mixin.py:137} WARNING - /opt/***/dags/Airflow.py:479 FutureWarning: Indexing with multiple keys (implicitly converted to a tuple of keys) will be deprecated, use a list instead.
[2023-01-02T18:59:37.873+0000] {python.py:177} INFO - Done. Returned value was: None
[2023-01-02T18:59:37.885+0000] {taskinstance.py:1327} INFO - Marking task as SUCCESS. dag_id=accidents_pipeline, task_id=MS2_final, execution_date=20230102T185811, start_date=20230102T185933, end_date=20230102T185937
[2023-01-02T18:59:37.935+0000] {local_task_job.py:159} INFO - Task exited with return code 0
[2023-01-02T18:59:37.965+0000] {taskinstance.py:2582} INFO - 1 downstream tasks scheduled from follow-on schedule check
