[2023-01-02T15:42:05.018+0000] {taskinstance.py:1087} INFO - Dependencies all met for <TaskInstance: accidents_pipeline.encoding scheduled__2022-12-31T00:00:00+00:00 [queued]>
[2023-01-02T15:42:05.033+0000] {taskinstance.py:1087} INFO - Dependencies all met for <TaskInstance: accidents_pipeline.encoding scheduled__2022-12-31T00:00:00+00:00 [queued]>
[2023-01-02T15:42:05.034+0000] {taskinstance.py:1283} INFO - 
--------------------------------------------------------------------------------
[2023-01-02T15:42:05.034+0000] {taskinstance.py:1284} INFO - Starting attempt 1 of 2
[2023-01-02T15:42:05.035+0000] {taskinstance.py:1285} INFO - 
--------------------------------------------------------------------------------
[2023-01-02T15:42:05.056+0000] {taskinstance.py:1304} INFO - Executing <Task(PythonOperator): encoding> on 2022-12-31 00:00:00+00:00
[2023-01-02T15:42:05.062+0000] {standard_task_runner.py:55} INFO - Started process 340 to run task
[2023-01-02T15:42:05.065+0000] {standard_task_runner.py:82} INFO - Running: ['***', 'tasks', 'run', 'accidents_pipeline', 'encoding', 'scheduled__2022-12-31T00:00:00+00:00', '--job-id', '15', '--raw', '--subdir', 'DAGS_FOLDER/Airflow.py', '--cfg-path', '/tmp/tmprrz5l4dy']
[2023-01-02T15:42:05.068+0000] {standard_task_runner.py:83} INFO - Job 15: Subtask encoding
[2023-01-02T15:42:05.143+0000] {task_command.py:389} INFO - Running <TaskInstance: accidents_pipeline.encoding scheduled__2022-12-31T00:00:00+00:00 [running]> on host 5aa4ea74be99
[2023-01-02T15:42:05.243+0000] {taskinstance.py:1513} INFO - Exporting the following env vars:
AIRFLOW_CTX_DAG_OWNER=***
AIRFLOW_CTX_DAG_ID=accidents_pipeline
AIRFLOW_CTX_TASK_ID=encoding
AIRFLOW_CTX_EXECUTION_DATE=2022-12-31T00:00:00+00:00
AIRFLOW_CTX_TRY_NUMBER=1
AIRFLOW_CTX_DAG_RUN_ID=scheduled__2022-12-31T00:00:00+00:00
[2023-01-02T15:42:06.709+0000] {logging_mixin.py:137} INFO -                 accident_year         police_force  ...   latitude  week_number
accident_index                                      ...                        
201101BS70001            2011  Metropolitan Police  ...  51.495766            2
201101BS70002            2011  Metropolitan Police  ...  51.495710            2
201101BS70003            2011  Metropolitan Police  ...  51.489763            3
201101BS70005            2011  Metropolitan Police  ...  51.497875            4
201101BS70007            2011  Metropolitan Police  ...  51.482671            1

[5 rows x 32 columns]
[2023-01-02T15:42:06.821+0000] {logging_mixin.py:137} INFO -                 accident_year         police_force  ...   latitude  week_number
accident_index                                      ...                        
201101BS70001            2011  Metropolitan Police  ...  51.495766            2
201101BS70002            2011  Metropolitan Police  ...  51.495710            2
201101BS70003            2011  Metropolitan Police  ...  51.489763            3
201101BS70005            2011  Metropolitan Police  ...  51.497875            4
201101BS70007            2011  Metropolitan Police  ...  51.482671            1

[5 rows x 32 columns]
[2023-01-02T15:42:08.276+0000] {logging_mixin.py:137} INFO -                 accident_year  ...  road_surface_conditions_Wet or damp
accident_index                 ...                                     
201101BS70001            2011  ...                                    1
201101BS70002            2011  ...                                    1
201101BS70003            2011  ...                                    0
201101BS70005            2011  ...                                    0
201101BS70007            2011  ...                                    1

[5 rows x 46 columns]
[2023-01-02T15:42:10.773+0000] {python.py:177} INFO - Done. Returned value was: None
[2023-01-02T15:42:10.786+0000] {taskinstance.py:1327} INFO - Marking task as SUCCESS. dag_id=accidents_pipeline, task_id=encoding, execution_date=20221231T000000, start_date=20230102T154205, end_date=20230102T154210
[2023-01-02T15:42:10.827+0000] {local_task_job.py:159} INFO - Task exited with return code 0
[2023-01-02T15:42:10.865+0000] {taskinstance.py:2582} INFO - 1 downstream tasks scheduled from follow-on schedule check
