[2023-01-03T18:53:21.720+0000] {taskinstance.py:1087} INFO - Dependencies all met for <TaskInstance: accidents_pipeline.MS2_final manual__2023-01-03T18:51:57.399301+00:00 [queued]>
[2023-01-03T18:53:21.732+0000] {taskinstance.py:1087} INFO - Dependencies all met for <TaskInstance: accidents_pipeline.MS2_final manual__2023-01-03T18:51:57.399301+00:00 [queued]>
[2023-01-03T18:53:21.733+0000] {taskinstance.py:1283} INFO - 
--------------------------------------------------------------------------------
[2023-01-03T18:53:21.733+0000] {taskinstance.py:1284} INFO - Starting attempt 1 of 2
[2023-01-03T18:53:21.734+0000] {taskinstance.py:1285} INFO - 
--------------------------------------------------------------------------------
[2023-01-03T18:53:21.753+0000] {taskinstance.py:1304} INFO - Executing <Task(PythonOperator): MS2_final> on 2023-01-03 18:51:57.399301+00:00
[2023-01-03T18:53:21.759+0000] {standard_task_runner.py:55} INFO - Started process 442 to run task
[2023-01-03T18:53:21.762+0000] {standard_task_runner.py:82} INFO - Running: ['***', 'tasks', 'run', 'accidents_pipeline', 'MS2_final', 'manual__2023-01-03T18:51:57.399301+00:00', '--job-id', '40', '--raw', '--subdir', 'DAGS_FOLDER/Airflow.py', '--cfg-path', '/tmp/tmpce5ahcoq']
[2023-01-03T18:53:21.766+0000] {standard_task_runner.py:83} INFO - Job 40: Subtask MS2_final
[2023-01-03T18:53:21.845+0000] {task_command.py:389} INFO - Running <TaskInstance: accidents_pipeline.MS2_final manual__2023-01-03T18:51:57.399301+00:00 [running]> on host 321b86f85270
[2023-01-03T18:53:21.969+0000] {taskinstance.py:1513} INFO - Exporting the following env vars:
AIRFLOW_CTX_DAG_OWNER=***
AIRFLOW_CTX_DAG_ID=accidents_pipeline
AIRFLOW_CTX_TASK_ID=MS2_final
AIRFLOW_CTX_EXECUTION_DATE=2023-01-03T18:51:57.399301+00:00
AIRFLOW_CTX_TRY_NUMBER=1
AIRFLOW_CTX_DAG_RUN_ID=manual__2023-01-03T18:51:57.399301+00:00
[2023-01-03T18:53:23.401+0000] {logging_mixin.py:137} WARNING - /opt/***/dags/Airflow.py:480 FutureWarning: Indexing with multiple keys (implicitly converted to a tuple of keys) will be deprecated, use a list instead.
[2023-01-03T18:53:26.606+0000] {python.py:177} INFO - Done. Returned value was: None
[2023-01-03T18:53:26.626+0000] {taskinstance.py:1327} INFO - Marking task as SUCCESS. dag_id=accidents_pipeline, task_id=MS2_final, execution_date=20230103T185157, start_date=20230103T185321, end_date=20230103T185326
[2023-01-03T18:53:26.674+0000] {local_task_job.py:159} INFO - Task exited with return code 0
[2023-01-03T18:53:26.733+0000] {taskinstance.py:2582} INFO - 1 downstream tasks scheduled from follow-on schedule check
