[2023-01-02T18:59:41.127+0000] {taskinstance.py:1087} INFO - Dependencies all met for <TaskInstance: accidents_pipeline.load_to_postgres manual__2023-01-02T18:58:11.453907+00:00 [queued]>
[2023-01-02T18:59:41.143+0000] {taskinstance.py:1087} INFO - Dependencies all met for <TaskInstance: accidents_pipeline.load_to_postgres manual__2023-01-02T18:58:11.453907+00:00 [queued]>
[2023-01-02T18:59:41.144+0000] {taskinstance.py:1283} INFO - 
--------------------------------------------------------------------------------
[2023-01-02T18:59:41.144+0000] {taskinstance.py:1284} INFO - Starting attempt 1 of 2
[2023-01-02T18:59:41.145+0000] {taskinstance.py:1285} INFO - 
--------------------------------------------------------------------------------
[2023-01-02T18:59:41.174+0000] {taskinstance.py:1304} INFO - Executing <Task(PythonOperator): load_to_postgres> on 2023-01-02 18:58:11.453907+00:00
[2023-01-02T18:59:41.181+0000] {standard_task_runner.py:55} INFO - Started process 13486 to run task
[2023-01-02T18:59:41.186+0000] {standard_task_runner.py:82} INFO - Running: ['***', 'tasks', 'run', 'accidents_pipeline', 'load_to_postgres', 'manual__2023-01-02T18:58:11.453907+00:00', '--job-id', '33', '--raw', '--subdir', 'DAGS_FOLDER/Airflow.py', '--cfg-path', '/tmp/tmphadg38gk']
[2023-01-02T18:59:41.189+0000] {standard_task_runner.py:83} INFO - Job 33: Subtask load_to_postgres
[2023-01-02T18:59:41.279+0000] {task_command.py:389} INFO - Running <TaskInstance: accidents_pipeline.load_to_postgres manual__2023-01-02T18:58:11.453907+00:00 [running]> on host 5aa4ea74be99
[2023-01-02T18:59:41.377+0000] {taskinstance.py:1513} INFO - Exporting the following env vars:
AIRFLOW_CTX_DAG_OWNER=***
AIRFLOW_CTX_DAG_ID=accidents_pipeline
AIRFLOW_CTX_TASK_ID=load_to_postgres
AIRFLOW_CTX_EXECUTION_DATE=2023-01-02T18:58:11.453907+00:00
AIRFLOW_CTX_TRY_NUMBER=1
AIRFLOW_CTX_DAG_RUN_ID=manual__2023-01-02T18:58:11.453907+00:00
[2023-01-02T18:59:42.522+0000] {logging_mixin.py:137} INFO - connected succesfully
[2023-01-02T19:00:37.442+0000] {python.py:177} INFO - Done. Returned value was: None
[2023-01-02T19:00:37.455+0000] {taskinstance.py:1327} INFO - Marking task as SUCCESS. dag_id=accidents_pipeline, task_id=load_to_postgres, execution_date=20230102T185811, start_date=20230102T185941, end_date=20230102T190037
[2023-01-02T19:00:37.571+0000] {local_task_job.py:159} INFO - Task exited with return code 0
[2023-01-02T19:00:37.598+0000] {taskinstance.py:2582} INFO - 0 downstream tasks scheduled from follow-on schedule check
