[2023-01-02T18:58:15.246+0000] {taskinstance.py:1087} INFO - Dependencies all met for <TaskInstance: accidents_pipeline.extract_dataset manual__2023-01-02T18:58:11.453907+00:00 [queued]>
[2023-01-02T18:58:15.264+0000] {taskinstance.py:1087} INFO - Dependencies all met for <TaskInstance: accidents_pipeline.extract_dataset manual__2023-01-02T18:58:11.453907+00:00 [queued]>
[2023-01-02T18:58:15.264+0000] {taskinstance.py:1283} INFO - 
--------------------------------------------------------------------------------
[2023-01-02T18:58:15.265+0000] {taskinstance.py:1284} INFO - Starting attempt 1 of 2
[2023-01-02T18:58:15.265+0000] {taskinstance.py:1285} INFO - 
--------------------------------------------------------------------------------
[2023-01-02T18:58:15.293+0000] {taskinstance.py:1304} INFO - Executing <Task(PythonOperator): extract_dataset> on 2023-01-02 18:58:11.453907+00:00
[2023-01-02T18:58:15.301+0000] {standard_task_runner.py:55} INFO - Started process 13336 to run task
[2023-01-02T18:58:15.308+0000] {standard_task_runner.py:82} INFO - Running: ['***', 'tasks', 'run', 'accidents_pipeline', 'extract_dataset', 'manual__2023-01-02T18:58:11.453907+00:00', '--job-id', '27', '--raw', '--subdir', 'DAGS_FOLDER/Airflow.py', '--cfg-path', '/tmp/tmptauttoaj']
[2023-01-02T18:58:15.313+0000] {standard_task_runner.py:83} INFO - Job 27: Subtask extract_dataset
[2023-01-02T18:58:15.417+0000] {task_command.py:389} INFO - Running <TaskInstance: accidents_pipeline.extract_dataset manual__2023-01-02T18:58:11.453907+00:00 [running]> on host 5aa4ea74be99
[2023-01-02T18:58:15.526+0000] {taskinstance.py:1513} INFO - Exporting the following env vars:
AIRFLOW_CTX_DAG_OWNER=***
AIRFLOW_CTX_DAG_ID=accidents_pipeline
AIRFLOW_CTX_TASK_ID=extract_dataset
AIRFLOW_CTX_EXECUTION_DATE=2023-01-02T18:58:11.453907+00:00
AIRFLOW_CTX_TRY_NUMBER=1
AIRFLOW_CTX_DAG_RUN_ID=manual__2023-01-02T18:58:11.453907+00:00
[2023-01-02T18:58:17.701+0000] {logging_mixin.py:137} WARNING - /home/***/.local/lib/python3.7/site-packages/***/operators/python.py:192 DtypeWarning: Columns (35) have mixed types.Specify dtype option on import or set low_memory=False.
[2023-01-02T18:58:47.126+0000] {logging_mixin.py:137} INFO - Method: Z-score
[2023-01-02T18:58:47.130+0000] {logging_mixin.py:137} INFO - Count Of Outliers:  3298 from 151474
[2023-01-02T18:58:47.131+0000] {logging_mixin.py:137} INFO - Outliers Unique Values [ 4  5  6  7  8  9 10 11 12 29 34]
[2023-01-02T18:58:47.131+0000] {logging_mixin.py:137} INFO - Percentage Of Outliers:  2.177 %
[2023-01-02T18:58:47.138+0000] {logging_mixin.py:137} INFO - Method: IQR
[2023-01-02T18:58:47.142+0000] {logging_mixin.py:137} INFO - Count Of Outliers:  34597 from 151474
[2023-01-02T18:58:47.143+0000] {logging_mixin.py:137} INFO - Outliers Unique Values [ 2  3  4  5  6  7  8  9 10 11 12 13 14 15 16 18 21 22 25 26 51 63 87]
[2023-01-02T18:58:47.144+0000] {logging_mixin.py:137} INFO - Percentage Of Outliers:  22.84 %
[2023-01-02T18:58:51.249+0000] {python.py:177} INFO - Done. Returned value was: None
[2023-01-02T18:58:51.263+0000] {taskinstance.py:1327} INFO - Marking task as SUCCESS. dag_id=accidents_pipeline, task_id=extract_dataset, execution_date=20230102T185811, start_date=20230102T185815, end_date=20230102T185851
[2023-01-02T18:58:51.318+0000] {local_task_job.py:159} INFO - Task exited with return code 0
[2023-01-02T18:58:51.360+0000] {taskinstance.py:2582} INFO - 1 downstream tasks scheduled from follow-on schedule check
