[2023-01-04T12:17:52.343+0000] {taskinstance.py:1087} INFO - Dependencies all met for <TaskInstance: accidents_pipeline.encoding manual__2023-01-04T12:16:53.467375+00:00 [queued]>
[2023-01-04T12:17:52.357+0000] {taskinstance.py:1087} INFO - Dependencies all met for <TaskInstance: accidents_pipeline.encoding manual__2023-01-04T12:16:53.467375+00:00 [queued]>
[2023-01-04T12:17:52.357+0000] {taskinstance.py:1283} INFO - 
--------------------------------------------------------------------------------
[2023-01-04T12:17:52.358+0000] {taskinstance.py:1284} INFO - Starting attempt 1 of 2
[2023-01-04T12:17:52.358+0000] {taskinstance.py:1285} INFO - 
--------------------------------------------------------------------------------
[2023-01-04T12:17:52.381+0000] {taskinstance.py:1304} INFO - Executing <Task(PythonOperator): encoding> on 2023-01-04 12:16:53.467375+00:00
[2023-01-04T12:17:52.392+0000] {standard_task_runner.py:55} INFO - Started process 2786 to run task
[2023-01-04T12:17:52.397+0000] {standard_task_runner.py:82} INFO - Running: ['***', 'tasks', 'run', 'accidents_pipeline', 'encoding', 'manual__2023-01-04T12:16:53.467375+00:00', '--job-id', '23', '--raw', '--subdir', 'DAGS_FOLDER/Airflow.py', '--cfg-path', '/tmp/tmpcvf20fac']
[2023-01-04T12:17:52.401+0000] {standard_task_runner.py:83} INFO - Job 23: Subtask encoding
[2023-01-04T12:17:52.490+0000] {task_command.py:389} INFO - Running <TaskInstance: accidents_pipeline.encoding manual__2023-01-04T12:16:53.467375+00:00 [running]> on host 0eb9bfbdd4ca
[2023-01-04T12:17:52.588+0000] {taskinstance.py:1513} INFO - Exporting the following env vars:
AIRFLOW_CTX_DAG_OWNER=***
AIRFLOW_CTX_DAG_ID=accidents_pipeline
AIRFLOW_CTX_TASK_ID=encoding
AIRFLOW_CTX_EXECUTION_DATE=2023-01-04T12:16:53.467375+00:00
AIRFLOW_CTX_TRY_NUMBER=1
AIRFLOW_CTX_DAG_RUN_ID=manual__2023-01-04T12:16:53.467375+00:00
[2023-01-04T12:17:53.677+0000] {logging_mixin.py:137} INFO -                 accident_year         police_force  ...   latitude  week_number
accident_index                                      ...                        
201101BS70001            2011  Metropolitan Police  ...  51.495766            2
201101BS70002            2011  Metropolitan Police  ...  51.495710            2
201101BS70003            2011  Metropolitan Police  ...  51.489763            3
201101BS70005            2011  Metropolitan Police  ...  51.497875            4
201101BS70007            2011  Metropolitan Police  ...  51.482671            1

[5 rows x 32 columns]
[2023-01-04T12:17:53.828+0000] {logging_mixin.py:137} INFO -                 accident_year         police_force  ...   latitude  week_number
accident_index                                      ...                        
201101BS70001            2011  Metropolitan Police  ...  51.495766            2
201101BS70002            2011  Metropolitan Police  ...  51.495710            2
201101BS70003            2011  Metropolitan Police  ...  51.489763            3
201101BS70005            2011  Metropolitan Police  ...  51.497875            4
201101BS70007            2011  Metropolitan Police  ...  51.482671            1

[5 rows x 32 columns]
[2023-01-04T12:17:55.235+0000] {logging_mixin.py:137} INFO -                 accident_year  ...  road_surface_conditions_Wet or damp
accident_index                 ...                                     
201101BS70001            2011  ...                                    1
201101BS70002            2011  ...                                    1
201101BS70003            2011  ...                                    0
201101BS70005            2011  ...                                    0
201101BS70007            2011  ...                                    1

[5 rows x 46 columns]
[2023-01-04T12:17:57.662+0000] {python.py:177} INFO - Done. Returned value was: None
[2023-01-04T12:17:57.674+0000] {taskinstance.py:1327} INFO - Marking task as SUCCESS. dag_id=accidents_pipeline, task_id=encoding, execution_date=20230104T121653, start_date=20230104T121752, end_date=20230104T121757
[2023-01-04T12:17:57.710+0000] {local_task_job.py:159} INFO - Task exited with return code 0
[2023-01-04T12:17:57.744+0000] {taskinstance.py:2582} INFO - 1 downstream tasks scheduled from follow-on schedule check
