[2023-01-03T18:53:03.831+0000] {taskinstance.py:1087} INFO - Dependencies all met for <TaskInstance: accidents_pipeline.add2cols manual__2023-01-03T18:51:57.399301+00:00 [queued]>
[2023-01-03T18:53:03.863+0000] {taskinstance.py:1087} INFO - Dependencies all met for <TaskInstance: accidents_pipeline.add2cols manual__2023-01-03T18:51:57.399301+00:00 [queued]>
[2023-01-03T18:53:03.864+0000] {taskinstance.py:1283} INFO - 
--------------------------------------------------------------------------------
[2023-01-03T18:53:03.864+0000] {taskinstance.py:1284} INFO - Starting attempt 1 of 2
[2023-01-03T18:53:03.865+0000] {taskinstance.py:1285} INFO - 
--------------------------------------------------------------------------------
[2023-01-03T18:53:04.006+0000] {taskinstance.py:1304} INFO - Executing <Task(PythonOperator): add2cols> on 2023-01-03 18:51:57.399301+00:00
[2023-01-03T18:53:04.013+0000] {standard_task_runner.py:55} INFO - Started process 406 to run task
[2023-01-03T18:53:04.018+0000] {standard_task_runner.py:82} INFO - Running: ['***', 'tasks', 'run', 'accidents_pipeline', 'add2cols', 'manual__2023-01-03T18:51:57.399301+00:00', '--job-id', '38', '--raw', '--subdir', 'DAGS_FOLDER/Airflow.py', '--cfg-path', '/tmp/tmpfg5dq_14']
[2023-01-03T18:53:04.020+0000] {standard_task_runner.py:83} INFO - Job 38: Subtask add2cols
[2023-01-03T18:53:04.119+0000] {task_command.py:389} INFO - Running <TaskInstance: accidents_pipeline.add2cols manual__2023-01-03T18:51:57.399301+00:00 [running]> on host 321b86f85270
[2023-01-03T18:53:04.239+0000] {taskinstance.py:1513} INFO - Exporting the following env vars:
AIRFLOW_CTX_DAG_OWNER=***
AIRFLOW_CTX_DAG_ID=accidents_pipeline
AIRFLOW_CTX_TASK_ID=add2cols
AIRFLOW_CTX_EXECUTION_DATE=2023-01-03T18:51:57.399301+00:00
AIRFLOW_CTX_TRY_NUMBER=1
AIRFLOW_CTX_DAG_RUN_ID=manual__2023-01-03T18:51:57.399301+00:00
[2023-01-03T18:53:09.218+0000] {python.py:177} INFO - Done. Returned value was: None
[2023-01-03T18:53:09.233+0000] {taskinstance.py:1327} INFO - Marking task as SUCCESS. dag_id=accidents_pipeline, task_id=add2cols, execution_date=20230103T185157, start_date=20230103T185303, end_date=20230103T185309
[2023-01-03T18:53:09.294+0000] {local_task_job.py:159} INFO - Task exited with return code 0
[2023-01-03T18:53:09.336+0000] {taskinstance.py:2582} INFO - 1 downstream tasks scheduled from follow-on schedule check
